2012/10/30 23:57:59	Global startup actions	system session	global-department-list.xaction	org.pentaho.platform.engine.services.solution.SolutionEngine	system session	instance_start	65b9d104-22fe-11e2-99a3-a3379b6281c2			0.0
2012/10/30 23:57:59	Global startup actions	system session	global-department-list.xaction	org.pentaho.platform.engine.services.solution.SolutionEngine	system session	instance_failed	65b9d104-22fe-11e2-99a3-a3379b6281c2	SolutionEngine.ERROR_0007 - Action sequence execution failed		0.0020000000949949026
2012/10/30 23:57:59	Global startup actions	system session	global-department-list.xaction	org.pentaho.platform.engine.services.solution.SolutionEngine	system session	instance_start	65c0d5e5-22fe-11e2-99a3-a3379b6281c2			0.0
2012/10/30 23:57:59	Global startup actions	system session	global-department-list.xaction	org.pentaho.platform.engine.services.solution.SolutionEngine	system session	instance_failed	65c0d5e5-22fe-11e2-99a3-a3379b6281c2	SolutionEngine.ERROR_0007 - Action sequence execution failed		0.0010000000474974513
2012/10/30 23:57:59	Global startup actions	system session	global-department-list.xaction	org.pentaho.platform.engine.services.solution.SolutionEngine	system session	instance_start	65c12406-22fe-11e2-99a3-a3379b6281c2			0.0
2012/10/30 23:57:59	Global startup actions	system session	global-department-list.xaction	org.pentaho.platform.engine.services.solution.SolutionEngine	system session	instance_failed	65c12406-22fe-11e2-99a3-a3379b6281c2	SolutionEngine.ERROR_0007 - Action sequence execution failed		0.0
2012/10/30 23:58:03	Global startup actions	system session	global-department-list.xaction	org.pentaho.platform.engine.services.solution.SolutionEngine	system session	instance_start	67d3afa4-22fe-11e2-9c95-77557674b16e			0.0
2012/10/30 23:58:03	Global startup actions	system session	global-department-list.xaction	org.pentaho.platform.engine.services.solution.SolutionEngine	system session	instance_failed	67d3afa4-22fe-11e2-9c95-77557674b16e	SolutionEngine.ERROR_0007 - Action sequence execution failed		0.0020000000949949026
2012/10/30 23:58:03	Global startup actions	system session	global-department-list.xaction	org.pentaho.platform.engine.services.solution.SolutionEngine	system session	instance_start	67db29b5-22fe-11e2-9c95-77557674b16e			0.0
2012/10/30 23:58:03	Global startup actions	system session	global-department-list.xaction	org.pentaho.platform.engine.services.solution.SolutionEngine	system session	instance_failed	67db29b5-22fe-11e2-9c95-77557674b16e	SolutionEngine.ERROR_0007 - Action sequence execution failed		0.0010000000474974513
2012/10/30 23:58:03	Global startup actions	system session	global-department-list.xaction	org.pentaho.platform.engine.services.solution.SolutionEngine	system session	instance_start	67db77d6-22fe-11e2-9c95-77557674b16e			0.0
2012/10/30 23:58:03	Global startup actions	system session	global-department-list.xaction	org.pentaho.platform.engine.services.solution.SolutionEngine	system session	instance_failed	67db77d6-22fe-11e2-9c95-77557674b16e	SolutionEngine.ERROR_0007 - Action sequence execution failed		0.0
2012/10/30 23:58:06	Global startup actions	system session	global-department-list.xaction	org.pentaho.platform.engine.services.solution.SolutionEngine	system session	instance_start	69ce9532-22fe-11e2-bbe4-7d23fe003de0			0.0
2012/10/30 23:58:06	Global startup actions	system session	global-department-list.xaction	org.pentaho.platform.engine.services.solution.SolutionEngine	system session	instance_failed	69ce9532-22fe-11e2-bbe4-7d23fe003de0	SolutionEngine.ERROR_0007 - Action sequence execution failed		0.0020000000949949026
2012/10/30 23:58:06	Global startup actions	system session	global-department-list.xaction	org.pentaho.platform.engine.services.solution.SolutionEngine	system session	instance_start	69d5e833-22fe-11e2-bbe4-7d23fe003de0			0.0
2012/10/30 23:58:06	Global startup actions	system session	global-department-list.xaction	org.pentaho.platform.engine.services.solution.SolutionEngine	system session	instance_failed	69d5e833-22fe-11e2-bbe4-7d23fe003de0	SolutionEngine.ERROR_0007 - Action sequence execution failed		0.0010000000474974513
2012/10/30 23:58:06	Global startup actions	system session	global-department-list.xaction	org.pentaho.platform.engine.services.solution.SolutionEngine	system session	instance_start	69d63654-22fe-11e2-bbe4-7d23fe003de0			0.0
2012/10/30 23:58:06	Global startup actions	system session	global-department-list.xaction	org.pentaho.platform.engine.services.solution.SolutionEngine	system session	instance_failed	69d63654-22fe-11e2-bbe4-7d23fe003de0	SolutionEngine.ERROR_0007 - Action sequence execution failed		0.0
2012/10/30 23:58:13	Global startup actions	system session	global-department-list.xaction	org.pentaho.platform.engine.services.solution.SolutionEngine	system session	instance_start	6dcff97b-22fe-11e2-8fb0-b7221028f5a0			0.0
2012/10/30 23:58:13	Global startup actions	system session	global-department-list.xaction	org.pentaho.platform.engine.services.solution.SolutionEngine	system session	instance_failed	6dcff97b-22fe-11e2-8fb0-b7221028f5a0	SolutionEngine.ERROR_0007 - Action sequence execution failed		0.0020000000949949026
2012/10/30 23:58:13	Global startup actions	system session	global-department-list.xaction	org.pentaho.platform.engine.services.solution.SolutionEngine	system session	instance_start	6dd7738c-22fe-11e2-8fb0-b7221028f5a0			0.0
2012/10/30 23:58:13	Global startup actions	system session	global-department-list.xaction	org.pentaho.platform.engine.services.solution.SolutionEngine	system session	instance_failed	6dd7738c-22fe-11e2-8fb0-b7221028f5a0	SolutionEngine.ERROR_0007 - Action sequence execution failed		0.0010000000474974513
2012/10/30 23:58:13	Global startup actions	system session	global-department-list.xaction	org.pentaho.platform.engine.services.solution.SolutionEngine	system session	instance_start	6dd7c1ad-22fe-11e2-8fb0-b7221028f5a0			0.0
2012/10/30 23:58:13	Global startup actions	system session	global-department-list.xaction	org.pentaho.platform.engine.services.solution.SolutionEngine	system session	instance_failed	6dd7c1ad-22fe-11e2-8fb0-b7221028f5a0	SolutionEngine.ERROR_0007 - Action sequence execution failed		0.0
2012/10/30 23:58:13		Joe		org.pentaho.platform.engine.core.system.UserSession	Joe	session_start				0.0
2012/10/30 23:58:13		Joe		org.pentaho.platform.engine.core.system.UserSession	Joe	session_start				0.0
2012/10/30 23:58:16	Global startup actions	system session	global-department-list.xaction	org.pentaho.platform.engine.services.solution.SolutionEngine	system session	instance_start	6fea74e1-22fe-11e2-8879-e369b4899bca			0.0
2012/10/30 23:58:16	Global startup actions	system session	global-department-list.xaction	org.pentaho.platform.engine.services.solution.SolutionEngine	system session	instance_failed	6fea74e1-22fe-11e2-8879-e369b4899bca	SolutionEngine.ERROR_0007 - Action sequence execution failed		0.0020000000949949026
2012/10/30 23:58:16	Global startup actions	system session	global-department-list.xaction	org.pentaho.platform.engine.services.solution.SolutionEngine	system session	instance_start	6ff21602-22fe-11e2-8879-e369b4899bca			0.0
2012/10/30 23:58:16	Global startup actions	system session	global-department-list.xaction	org.pentaho.platform.engine.services.solution.SolutionEngine	system session	instance_failed	6ff21602-22fe-11e2-8879-e369b4899bca	SolutionEngine.ERROR_0007 - Action sequence execution failed		0.0010000000474974513
2012/10/30 23:58:16	Global startup actions	system session	global-department-list.xaction	org.pentaho.platform.engine.services.solution.SolutionEngine	system session	instance_start	6ff26423-22fe-11e2-8879-e369b4899bca			0.0
2012/10/30 23:58:16	Global startup actions	system session	global-department-list.xaction	org.pentaho.platform.engine.services.solution.SolutionEngine	system session	instance_failed	6ff26423-22fe-11e2-8879-e369b4899bca	SolutionEngine.ERROR_0007 - Action sequence execution failed		0.0
2012/10/30 23:58:16		Joe		org.pentaho.platform.engine.core.system.UserSession	Joe	session_start				0.0
2012/10/30 23:58:16	!BaseTest.DEBUG_JUNIT_TEST!	Joe	XQueryTest.xaction	org.pentaho.platform.engine.services.solution.SolutionEngine	Joe	instance_start	6ff438e5-22fe-11e2-8879-e369b4899bca			0.0
2012/10/30 23:58:16	!BaseTest.DEBUG_JUNIT_TEST!	Joe	XQueryTest.xaction	org.pentaho.platform.engine.services.solution.SolutionEngine	Joe	instance_failed	6ff438e5-22fe-11e2-8879-e369b4899bca	SolutionEngine.ERROR_0007 - Action sequence execution failed		0.0010000000474974513
2012/10/30 23:58:16	!BaseTest.DEBUG_JUNIT_TEST!	Joe	departments.rule.xaction	org.pentaho.platform.engine.services.solution.SolutionEngine	Joe	instance_start	6ff4d526-22fe-11e2-8879-e369b4899bca			0.0
2012/10/30 23:58:16	!BaseTest.DEBUG_JUNIT_TEST!	Joe	departments.rule.xaction	org.pentaho.platform.engine.services.solution.SolutionEngine	Joe	instance_failed	6ff4d526-22fe-11e2-8879-e369b4899bca	SolutionEngine.ERROR_0007 - Action sequence execution failed		0.0
2012/10/30 23:58:20	Global startup actions	system session	global-department-list.xaction	org.pentaho.platform.engine.services.solution.SolutionEngine	system session	instance_start	720c6ac8-22fe-11e2-bc08-313d48be8ece			0.0
2012/10/30 23:58:20	Global startup actions	system session	global-department-list.xaction	org.pentaho.platform.engine.services.solution.SolutionEngine	system session	instance_failed	720c6ac8-22fe-11e2-bc08-313d48be8ece	SolutionEngine.ERROR_0007 - Action sequence execution failed		0.0020000000949949026
2012/10/30 23:58:20	Global startup actions	system session	global-department-list.xaction	org.pentaho.platform.engine.services.solution.SolutionEngine	system session	instance_start	7213e4d9-22fe-11e2-bc08-313d48be8ece			0.0
2012/10/30 23:58:20	Global startup actions	system session	global-department-list.xaction	org.pentaho.platform.engine.services.solution.SolutionEngine	system session	instance_failed	7213e4d9-22fe-11e2-bc08-313d48be8ece	SolutionEngine.ERROR_0007 - Action sequence execution failed		0.0010000000474974513
2012/10/30 23:58:20	Global startup actions	system session	global-department-list.xaction	org.pentaho.platform.engine.services.solution.SolutionEngine	system session	instance_start	721432fa-22fe-11e2-bc08-313d48be8ece			0.0
2012/10/30 23:58:20	Global startup actions	system session	global-department-list.xaction	org.pentaho.platform.engine.services.solution.SolutionEngine	system session	instance_failed	721432fa-22fe-11e2-bc08-313d48be8ece	SolutionEngine.ERROR_0007 - Action sequence execution failed		0.0
2012/10/30 23:58:24	Global startup actions	system session	global-department-list.xaction	org.pentaho.platform.engine.services.solution.SolutionEngine	system session	instance_start	743601dc-22fe-11e2-9e06-63d1d381ab0b			0.0
2012/10/30 23:58:24	Global startup actions	system session	global-department-list.xaction	org.pentaho.platform.engine.services.solution.SolutionEngine	system session	instance_failed	743601dc-22fe-11e2-9e06-63d1d381ab0b	SolutionEngine.ERROR_0007 - Action sequence execution failed		0.0020000000949949026
2012/10/30 23:58:24	Global startup actions	system session	global-department-list.xaction	org.pentaho.platform.engine.services.solution.SolutionEngine	system session	instance_start	743d54dd-22fe-11e2-9e06-63d1d381ab0b			0.0
2012/10/30 23:58:24	Global startup actions	system session	global-department-list.xaction	org.pentaho.platform.engine.services.solution.SolutionEngine	system session	instance_failed	743d54dd-22fe-11e2-9e06-63d1d381ab0b	SolutionEngine.ERROR_0007 - Action sequence execution failed		0.0
2012/10/30 23:58:24	Global startup actions	system session	global-department-list.xaction	org.pentaho.platform.engine.services.solution.SolutionEngine	system session	instance_start	743dca0e-22fe-11e2-9e06-63d1d381ab0b			0.0
2012/10/30 23:58:24	Global startup actions	system session	global-department-list.xaction	org.pentaho.platform.engine.services.solution.SolutionEngine	system session	instance_failed	743dca0e-22fe-11e2-9e06-63d1d381ab0b	SolutionEngine.ERROR_0007 - Action sequence execution failed		0.0010000000474974513
