Nov 5, 2012 11:42:03 AM org.apache.catalina.core.AprLifecycleListener init
INFO: The APR based Apache Tomcat Native library which allows optimal performance in production environments was not found on the java.library.path: /usr/lib/jvm/java-6-sun-1.6.0.26/jre/lib/amd64/server:/usr/lib/jvm/java-6-sun-1.6.0.26/jre/lib/amd64:/usr/lib/jvm/java-6-sun-1.6.0.26/jre/../lib/amd64:/usr/java/packages/lib/amd64:/usr/lib64:/lib64:/lib:/usr/lib
Nov 5, 2012 11:42:04 AM org.apache.coyote.AbstractProtocol init
INFO: Initializing ProtocolHandler ["http-bio-8080"]
Nov 5, 2012 11:42:04 AM org.apache.coyote.AbstractProtocol init
INFO: Initializing ProtocolHandler ["ajp-bio-8009"]
Nov 5, 2012 11:42:04 AM org.apache.catalina.startup.Catalina load
INFO: Initialization processed in 1352 ms
Nov 5, 2012 11:42:04 AM org.apache.catalina.core.StandardService startInternal
INFO: Starting service Catalina
Nov 5, 2012 11:42:04 AM org.apache.catalina.core.StandardEngine startInternal
INFO: Starting Servlet Engine: Apache Tomcat/7.0.32
Nov 5, 2012 11:42:04 AM org.apache.catalina.startup.HostConfig deployDirectory
INFO: Deploying web application directory /opt/workspace-pentaho/bi-platform-assembly/bin/stage/biserver-ce/tomcat/webapps/ROOT
Nov 5, 2012 11:42:05 AM org.apache.catalina.startup.HostConfig deployDirectory
INFO: Deploying web application directory /opt/workspace-pentaho/bi-platform-assembly/bin/stage/biserver-ce/tomcat/webapps/pentaho
Nov 5, 2012 11:42:05 AM org.apache.catalina.startup.SetContextPropertiesRule begin
WARNING: [SetContextPropertiesRule]{Context} Setting property 'docbase' to 'webapps/pentaho/' did not find a matching property.
Nov 5, 2012 11:42:09 AM org.apache.catalina.core.AprLifecycleListener init
INFO: The APR based Apache Tomcat Native library which allows optimal performance in production environments was not found on the java.library.path: /usr/lib/jvm/java-6-sun-1.6.0.26/jre/lib/amd64/server:/usr/lib/jvm/java-6-sun-1.6.0.26/jre/lib/amd64:/usr/lib/jvm/java-6-sun-1.6.0.26/jre/../lib/amd64:/usr/java/packages/lib/amd64:/usr/lib64:/lib64:/lib:/usr/lib
Nov 5, 2012 11:42:09 AM org.apache.coyote.AbstractProtocol init
INFO: Initializing ProtocolHandler ["http-bio-8080"]
Nov 5, 2012 11:42:09 AM org.apache.coyote.AbstractProtocol init
SEVERE: Failed to initialize end point associated with ProtocolHandler ["http-bio-8080"]
java.net.BindException: Address already in use <null>:8080
	at org.apache.tomcat.util.net.JIoEndpoint.bind(JIoEndpoint.java:406)
	at org.apache.tomcat.util.net.AbstractEndpoint.init(AbstractEndpoint.java:610)
	at org.apache.coyote.AbstractProtocol.init(AbstractProtocol.java:429)
	at org.apache.coyote.http11.AbstractHttp11JsseProtocol.init(AbstractHttp11JsseProtocol.java:119)
	at org.apache.catalina.connector.Connector.initInternal(Connector.java:981)
	at org.apache.catalina.util.LifecycleBase.init(LifecycleBase.java:102)
	at org.apache.catalina.core.StandardService.initInternal(StandardService.java:559)
	at org.apache.catalina.util.LifecycleBase.init(LifecycleBase.java:102)
	at org.apache.catalina.core.StandardServer.initInternal(StandardServer.java:814)
	at org.apache.catalina.util.LifecycleBase.init(LifecycleBase.java:102)
	at org.apache.catalina.startup.Catalina.load(Catalina.java:633)
	at org.apache.catalina.startup.Catalina.load(Catalina.java:658)
	at sun.reflect.NativeMethodAccessorImpl.invoke0(Native Method)
	at sun.reflect.NativeMethodAccessorImpl.invoke(NativeMethodAccessorImpl.java:39)
	at sun.reflect.DelegatingMethodAccessorImpl.invoke(DelegatingMethodAccessorImpl.java:25)
	at java.lang.reflect.Method.invoke(Method.java:597)
	at org.apache.catalina.startup.Bootstrap.load(Bootstrap.java:281)
	at org.apache.catalina.startup.Bootstrap.main(Bootstrap.java:450)
Caused by: java.net.BindException: Address already in use
	at java.net.PlainSocketImpl.socketBind(Native Method)
	at java.net.PlainSocketImpl.bind(PlainSocketImpl.java:383)
	at java.net.ServerSocket.bind(ServerSocket.java:328)
	at java.net.ServerSocket.<init>(ServerSocket.java:194)
	at java.net.ServerSocket.<init>(ServerSocket.java:150)
	at org.apache.tomcat.util.net.DefaultServerSocketFactory.createSocket(DefaultServerSocketFactory.java:49)
	at org.apache.tomcat.util.net.JIoEndpoint.bind(JIoEndpoint.java:393)
	... 17 more
Nov 5, 2012 11:42:09 AM org.apache.catalina.core.StandardService initInternal
SEVERE: Failed to initialize connector [Connector[HTTP/1.1-8080]]
org.apache.catalina.LifecycleException: Failed to initialize component [Connector[HTTP/1.1-8080]]
	at org.apache.catalina.util.LifecycleBase.init(LifecycleBase.java:106)
	at org.apache.catalina.core.StandardService.initInternal(StandardService.java:559)
	at org.apache.catalina.util.LifecycleBase.init(LifecycleBase.java:102)
	at org.apache.catalina.core.StandardServer.initInternal(StandardServer.java:814)
	at org.apache.catalina.util.LifecycleBase.init(LifecycleBase.java:102)
	at org.apache.catalina.startup.Catalina.load(Catalina.java:633)
	at org.apache.catalina.startup.Catalina.load(Catalina.java:658)
	at sun.reflect.NativeMethodAccessorImpl.invoke0(Native Method)
	at sun.reflect.NativeMethodAccessorImpl.invoke(NativeMethodAccessorImpl.java:39)
	at sun.reflect.DelegatingMethodAccessorImpl.invoke(DelegatingMethodAccessorImpl.java:25)
	at java.lang.reflect.Method.invoke(Method.java:597)
	at org.apache.catalina.startup.Bootstrap.load(Bootstrap.java:281)
	at org.apache.catalina.startup.Bootstrap.main(Bootstrap.java:450)
Caused by: org.apache.catalina.LifecycleException: Protocol handler initialization failed
	at org.apache.catalina.connector.Connector.initInternal(Connector.java:983)
	at org.apache.catalina.util.LifecycleBase.init(LifecycleBase.java:102)
	... 12 more
Caused by: java.net.BindException: Address already in use <null>:8080
	at org.apache.tomcat.util.net.JIoEndpoint.bind(JIoEndpoint.java:406)
	at org.apache.tomcat.util.net.AbstractEndpoint.init(AbstractEndpoint.java:610)
	at org.apache.coyote.AbstractProtocol.init(AbstractProtocol.java:429)
	at org.apache.coyote.http11.AbstractHttp11JsseProtocol.init(AbstractHttp11JsseProtocol.java:119)
	at org.apache.catalina.connector.Connector.initInternal(Connector.java:981)
	... 13 more
Caused by: java.net.BindException: Address already in use
	at java.net.PlainSocketImpl.socketBind(Native Method)
	at java.net.PlainSocketImpl.bind(PlainSocketImpl.java:383)
	at java.net.ServerSocket.bind(ServerSocket.java:328)
	at java.net.ServerSocket.<init>(ServerSocket.java:194)
	at java.net.ServerSocket.<init>(ServerSocket.java:150)
	at org.apache.tomcat.util.net.DefaultServerSocketFactory.createSocket(DefaultServerSocketFactory.java:49)
	at org.apache.tomcat.util.net.JIoEndpoint.bind(JIoEndpoint.java:393)
	... 17 more
Nov 5, 2012 11:42:09 AM org.apache.coyote.AbstractProtocol init
INFO: Initializing ProtocolHandler ["ajp-bio-8009"]
Nov 5, 2012 11:42:09 AM org.apache.coyote.AbstractProtocol init
SEVERE: Failed to initialize end point associated with ProtocolHandler ["ajp-bio-8009"]
java.net.BindException: Address already in use <null>:8009
	at org.apache.tomcat.util.net.JIoEndpoint.bind(JIoEndpoint.java:406)
	at org.apache.tomcat.util.net.AbstractEndpoint.init(AbstractEndpoint.java:610)
	at org.apache.coyote.AbstractProtocol.init(AbstractProtocol.java:429)
	at org.apache.catalina.connector.Connector.initInternal(Connector.java:981)
	at org.apache.catalina.util.LifecycleBase.init(LifecycleBase.java:102)
	at org.apache.catalina.core.StandardService.initInternal(StandardService.java:559)
	at org.apache.catalina.util.LifecycleBase.init(LifecycleBase.java:102)
	at org.apache.catalina.core.StandardServer.initInternal(StandardServer.java:814)
	at org.apache.catalina.util.LifecycleBase.init(LifecycleBase.java:102)
	at org.apache.catalina.startup.Catalina.load(Catalina.java:633)
	at org.apache.catalina.startup.Catalina.load(Catalina.java:658)
	at sun.reflect.NativeMethodAccessorImpl.invoke0(Native Method)
	at sun.reflect.NativeMethodAccessorImpl.invoke(NativeMethodAccessorImpl.java:39)
	at sun.reflect.DelegatingMethodAccessorImpl.invoke(DelegatingMethodAccessorImpl.java:25)
	at java.lang.reflect.Method.invoke(Method.java:597)
	at org.apache.catalina.startup.Bootstrap.load(Bootstrap.java:281)
	at org.apache.catalina.startup.Bootstrap.main(Bootstrap.java:450)
Caused by: java.net.BindException: Address already in use
	at java.net.PlainSocketImpl.socketBind(Native Method)
	at java.net.PlainSocketImpl.bind(PlainSocketImpl.java:383)
	at java.net.ServerSocket.bind(ServerSocket.java:328)
	at java.net.ServerSocket.<init>(ServerSocket.java:194)
	at java.net.ServerSocket.<init>(ServerSocket.java:150)
	at org.apache.tomcat.util.net.DefaultServerSocketFactory.createSocket(DefaultServerSocketFactory.java:49)
	at org.apache.tomcat.util.net.JIoEndpoint.bind(JIoEndpoint.java:393)
	... 16 more
Nov 5, 2012 11:42:09 AM org.apache.catalina.core.StandardService initInternal
SEVERE: Failed to initialize connector [Connector[AJP/1.3-8009]]
org.apache.catalina.LifecycleException: Failed to initialize component [Connector[AJP/1.3-8009]]
	at org.apache.catalina.util.LifecycleBase.init(LifecycleBase.java:106)
	at org.apache.catalina.core.StandardService.initInternal(StandardService.java:559)
	at org.apache.catalina.util.LifecycleBase.init(LifecycleBase.java:102)
	at org.apache.catalina.core.StandardServer.initInternal(StandardServer.java:814)
	at org.apache.catalina.util.LifecycleBase.init(LifecycleBase.java:102)
	at org.apache.catalina.startup.Catalina.load(Catalina.java:633)
	at org.apache.catalina.startup.Catalina.load(Catalina.java:658)
	at sun.reflect.NativeMethodAccessorImpl.invoke0(Native Method)
	at sun.reflect.NativeMethodAccessorImpl.invoke(NativeMethodAccessorImpl.java:39)
	at sun.reflect.DelegatingMethodAccessorImpl.invoke(DelegatingMethodAccessorImpl.java:25)
	at java.lang.reflect.Method.invoke(Method.java:597)
	at org.apache.catalina.startup.Bootstrap.load(Bootstrap.java:281)
	at org.apache.catalina.startup.Bootstrap.main(Bootstrap.java:450)
Caused by: org.apache.catalina.LifecycleException: Protocol handler initialization failed
	at org.apache.catalina.connector.Connector.initInternal(Connector.java:983)
	at org.apache.catalina.util.LifecycleBase.init(LifecycleBase.java:102)
	... 12 more
Caused by: java.net.BindException: Address already in use <null>:8009
	at org.apache.tomcat.util.net.JIoEndpoint.bind(JIoEndpoint.java:406)
	at org.apache.tomcat.util.net.AbstractEndpoint.init(AbstractEndpoint.java:610)
	at org.apache.coyote.AbstractProtocol.init(AbstractProtocol.java:429)
	at org.apache.catalina.connector.Connector.initInternal(Connector.java:981)
	... 13 more
Caused by: java.net.BindException: Address already in use
	at java.net.PlainSocketImpl.socketBind(Native Method)
	at java.net.PlainSocketImpl.bind(PlainSocketImpl.java:383)
	at java.net.ServerSocket.bind(ServerSocket.java:328)
	at java.net.ServerSocket.<init>(ServerSocket.java:194)
	at java.net.ServerSocket.<init>(ServerSocket.java:150)
	at org.apache.tomcat.util.net.DefaultServerSocketFactory.createSocket(DefaultServerSocketFactory.java:49)
	at org.apache.tomcat.util.net.JIoEndpoint.bind(JIoEndpoint.java:393)
	... 16 more
Nov 5, 2012 11:42:09 AM org.apache.catalina.startup.Catalina load
INFO: Initialization processed in 503 ms
Nov 5, 2012 11:42:09 AM org.apache.catalina.core.StandardService startInternal
INFO: Starting service Catalina
Nov 5, 2012 11:42:09 AM org.apache.catalina.core.StandardEngine startInternal
INFO: Starting Servlet Engine: Apache Tomcat/7.0.32
Nov 5, 2012 11:42:09 AM org.apache.catalina.startup.HostConfig deployDirectory
INFO: Deploying web application directory /opt/workspace-pentaho/bi-platform-assembly/bin/stage/biserver-ce/tomcat/webapps/ROOT
Nov 5, 2012 11:42:10 AM org.apache.catalina.startup.HostConfig deployDirectory
INFO: Deploying web application directory /opt/workspace-pentaho/bi-platform-assembly/bin/stage/biserver-ce/tomcat/webapps/pentaho
Nov 5, 2012 11:42:10 AM org.apache.catalina.startup.SetContextPropertiesRule begin
WARNING: [SetContextPropertiesRule]{Context} Setting property 'docbase' to 'webapps/pentaho/' did not find a matching property.
Nov 5, 2012 11:42:14 AM org.apache.catalina.startup.ContextConfig validateSecurityRoles
INFO: WARNING: Security role name PENTAHO_ADMIN used in an <auth-constraint> without being defined in a <security-role>
Nov 5, 2012 11:42:14 AM org.apache.catalina.startup.TaglibUriRule body
INFO: TLD skipped. URI: http://java.sun.com/jstl/core is already defined
Nov 5, 2012 11:42:15 AM org.apache.catalina.startup.ContextConfig validateSecurityRoles
INFO: WARNING: Security role name PENTAHO_ADMIN used in an <auth-constraint> without being defined in a <security-role>
Nov 5, 2012 11:42:15 AM org.apache.catalina.startup.TaglibUriRule body
INFO: TLD skipped. URI: http://java.sun.com/jstl/core is already defined
Nov 5, 2012 11:42:26 AM org.apache.catalina.startup.HostConfig deployDirectory
INFO: Deploying web application directory /opt/workspace-pentaho/bi-platform-assembly/bin/stage/biserver-ce/tomcat/webapps/pentaho-style
Nov 5, 2012 11:42:26 AM org.apache.catalina.startup.HostConfig deployDirectory
INFO: Deploying web application directory /opt/workspace-pentaho/bi-platform-assembly/bin/stage/biserver-ce/tomcat/webapps/pentaho-style
Nov 5, 2012 11:42:26 AM org.apache.catalina.startup.HostConfig deployDirectory
INFO: Deploying web application directory /opt/workspace-pentaho/bi-platform-assembly/bin/stage/biserver-ce/tomcat/webapps/sw-style
Nov 5, 2012 11:42:26 AM org.apache.catalina.startup.HostConfig deployDirectory
INFO: Deploying web application directory /opt/workspace-pentaho/bi-platform-assembly/bin/stage/biserver-ce/tomcat/webapps/sw-style
Nov 5, 2012 11:42:26 AM org.apache.coyote.AbstractProtocol start
INFO: Starting ProtocolHandler ["http-bio-8080"]
Nov 5, 2012 11:42:26 AM org.apache.coyote.AbstractProtocol start
INFO: Starting ProtocolHandler ["ajp-bio-8009"]
Nov 5, 2012 11:42:26 AM org.apache.catalina.startup.Catalina start
INFO: Server startup in 22088 ms
Nov 5, 2012 11:42:26 AM org.apache.catalina.startup.Catalina start
INFO: Server startup in 16753 ms
Nov 5, 2012 11:42:26 AM org.apache.catalina.core.StandardServer await
SEVERE: StandardServer.await: create[localhost:8005]: 
java.net.BindException: Address already in use
	at java.net.PlainSocketImpl.socketBind(Native Method)
	at java.net.PlainSocketImpl.bind(PlainSocketImpl.java:383)
	at java.net.ServerSocket.bind(ServerSocket.java:328)
	at java.net.ServerSocket.<init>(ServerSocket.java:194)
	at org.apache.catalina.core.StandardServer.await(StandardServer.java:427)
	at org.apache.catalina.startup.Catalina.await(Catalina.java:766)
	at org.apache.catalina.startup.Catalina.start(Catalina.java:712)
	at sun.reflect.NativeMethodAccessorImpl.invoke0(Native Method)
	at sun.reflect.NativeMethodAccessorImpl.invoke(NativeMethodAccessorImpl.java:39)
	at sun.reflect.DelegatingMethodAccessorImpl.invoke(DelegatingMethodAccessorImpl.java:25)
	at java.lang.reflect.Method.invoke(Method.java:597)
	at org.apache.catalina.startup.Bootstrap.start(Bootstrap.java:322)
	at org.apache.catalina.startup.Bootstrap.main(Bootstrap.java:451)
Nov 5, 2012 11:42:26 AM org.apache.coyote.AbstractProtocol pause
INFO: Pausing ProtocolHandler ["http-bio-8080"]
Nov 5, 2012 11:42:26 AM org.apache.coyote.AbstractProtocol pause
INFO: Pausing ProtocolHandler ["ajp-bio-8009"]
Nov 5, 2012 11:42:26 AM org.apache.catalina.core.StandardService stopInternal
INFO: Stopping service Catalina
Nov 5, 2012 11:42:26 AM org.apache.catalina.loader.WebappClassLoader clearReferencesThreads
SEVERE: The web application [/pentaho] appears to have started a thread named [Timer-0] but has failed to stop it. This is very likely to create a memory leak.
Nov 5, 2012 11:42:26 AM org.apache.catalina.loader.WebappClassLoader clearReferencesThreads
SEVERE: The web application [/pentaho] appears to have started a thread named [org.apache.commons.vfs.cache.SoftRefFilesCache$SoftRefReleaseThread] but has failed to stop it. This is very likely to create a memory leak.
Nov 5, 2012 11:42:26 AM org.apache.catalina.loader.WebappClassLoader clearReferencesThreads
SEVERE: The web application [/pentaho] appears to have started a thread named [net.sf.ehcache.CacheManager@45a27a8f] but has failed to stop it. This is very likely to create a memory leak.
Nov 5, 2012 11:42:26 AM org.apache.catalina.loader.WebappClassLoader clearReferencesThreads
SEVERE: The web application [/pentaho] appears to have started a thread named [Store org.pentaho.platform.repository.solution.dbbased.RepositoryFile.childrenFiles Spool Thread] but has failed to stop it. This is very likely to create a memory leak.
Nov 5, 2012 11:42:26 AM org.apache.catalina.loader.WebappClassLoader clearReferencesThreads
SEVERE: The web application [/pentaho] appears to have started a thread named [Store libloader-data Spool Thread] but has failed to stop it. This is very likely to create a memory leak.
Nov 5, 2012 11:42:26 AM org.apache.catalina.loader.WebappClassLoader clearReferencesThreads
SEVERE: The web application [/pentaho] appears to have started a thread named [Store org.pentaho.platform.repository.solution.dbbased.RepositoryFile Spool Thread] but has failed to stop it. This is very likely to create a memory leak.
Nov 5, 2012 11:42:26 AM org.apache.catalina.loader.WebappClassLoader clearReferencesThreads
SEVERE: The web application [/pentaho] appears to have started a thread named [Store mondrian-catalog-cache Spool Thread] but has failed to stop it. This is very likely to create a memory leak.
Nov 5, 2012 11:42:26 AM org.apache.catalina.loader.WebappClassLoader clearReferencesThreads
SEVERE: The web application [/pentaho] appears to have started a thread named [Store org.pentaho.platform.repository.solution.dbbased.RepositoryFile.accessControls Spool Thread] but has failed to stop it. This is very likely to create a memory leak.
Nov 5, 2012 11:42:26 AM org.apache.catalina.loader.WebappClassLoader clearReferencesThreads
SEVERE: The web application [/pentaho] appears to have started a thread named [Store pentahoCache Spool Thread] but has failed to stop it. This is very likely to create a memory leak.
Nov 5, 2012 11:42:26 AM org.apache.catalina.loader.WebappClassLoader clearReferencesThreads
SEVERE: The web application [/pentaho] appears to have started a thread named [net.sf.ehcache.CacheManager@2b2143d8] but has failed to stop it. This is very likely to create a memory leak.
Nov 5, 2012 11:42:26 AM org.apache.catalina.loader.WebappClassLoader clearReferencesThreads
SEVERE: The web application [/pentaho] appears to have started a thread named [Store libloader-data Spool Thread] but has failed to stop it. This is very likely to create a memory leak.
Nov 5, 2012 11:42:26 AM org.apache.catalina.loader.WebappClassLoader clearReferencesThreads
SEVERE: The web application [/pentaho] appears to have started a thread named [Store org.pentaho.platform.repository.solution.dbbased.RepositoryFile Spool Thread] but has failed to stop it. This is very likely to create a memory leak.
Nov 5, 2012 11:42:26 AM org.apache.catalina.loader.WebappClassLoader clearReferencesThreads
SEVERE: The web application [/pentaho] appears to have started a thread named [Store org.pentaho.platform.repository.solution.dbbased.RepositoryFile.childrenFiles Spool Thread] but has failed to stop it. This is very likely to create a memory leak.
Nov 5, 2012 11:42:26 AM org.apache.catalina.loader.WebappClassLoader clearReferencesThreads
SEVERE: The web application [/pentaho] appears to have started a thread named [Store mondrian-catalog-cache Spool Thread] but has failed to stop it. This is very likely to create a memory leak.
Nov 5, 2012 11:42:26 AM org.apache.catalina.loader.WebappClassLoader clearReferencesThreads
SEVERE: The web application [/pentaho] appears to have started a thread named [Store pentahoCache Spool Thread] but has failed to stop it. This is very likely to create a memory leak.
Nov 5, 2012 11:42:26 AM org.apache.catalina.loader.WebappClassLoader clearReferencesThreads
SEVERE: The web application [/pentaho] appears to have started a thread named [Store org.pentaho.platform.repository.solution.dbbased.RepositoryFile.accessControls Spool Thread] but has failed to stop it. This is very likely to create a memory leak.
Nov 5, 2012 11:42:26 AM org.apache.catalina.loader.WebappClassLoader clearReferencesThreads
SEVERE: The web application [/pentaho] appears to have started a thread named [net.sf.ehcache.CacheManager@25849c5c] but has failed to stop it. This is very likely to create a memory leak.
Nov 5, 2012 11:42:26 AM org.apache.catalina.loader.WebappClassLoader clearReferencesThreads
SEVERE: The web application [/pentaho] appears to have started a thread named [Store libloader-data Spool Thread] but has failed to stop it. This is very likely to create a memory leak.
Nov 5, 2012 11:42:26 AM org.apache.catalina.loader.WebappClassLoader clearReferencesThreads
SEVERE: The web application [/pentaho] appears to have started a thread named [Store org.pentaho.platform.repository.solution.dbbased.RepositoryFile.accessControls Spool Thread] but has failed to stop it. This is very likely to create a memory leak.
Nov 5, 2012 11:42:26 AM org.apache.catalina.loader.WebappClassLoader clearReferencesThreads
SEVERE: The web application [/pentaho] appears to have started a thread named [Store org.pentaho.platform.repository.solution.dbbased.RepositoryFile Spool Thread] but has failed to stop it. This is very likely to create a memory leak.
Nov 5, 2012 11:42:26 AM org.apache.catalina.loader.WebappClassLoader clearReferencesThreads
SEVERE: The web application [/pentaho] appears to have started a thread named [Store pentahoCache Spool Thread] but has failed to stop it. This is very likely to create a memory leak.
Nov 5, 2012 11:42:26 AM org.apache.catalina.loader.WebappClassLoader clearReferencesThreads
SEVERE: The web application [/pentaho] appears to have started a thread named [Store mondrian-catalog-cache Spool Thread] but has failed to stop it. This is very likely to create a memory leak.
Nov 5, 2012 11:42:26 AM org.apache.catalina.loader.WebappClassLoader clearReferencesThreads
SEVERE: The web application [/pentaho] appears to have started a thread named [Store org.pentaho.platform.repository.solution.dbbased.RepositoryFile.childrenFiles Spool Thread] but has failed to stop it. This is very likely to create a memory leak.
Nov 5, 2012 11:42:26 AM org.apache.catalina.loader.WebappClassLoader checkThreadLocalMapForLeaks
SEVERE: The web application [/pentaho] created a ThreadLocal with key of type [java.lang.ThreadLocal] (value [java.lang.ThreadLocal@5790d004]) and a value of type [org.hibernate.impl.SessionImpl] (value [SessionImpl(PersistenceContext[entityKeys=[EntityKey[org.pentaho.platform.repository.solution.dbbased.RepositoryFile#6e0609d8-244c-11e2-b16e-5dc8ebc263ec], EntityKey[org.pentaho.platform.repository.solution.dbbased.RepositoryFile#6e0daad9-244c-11e2-b16e-5dc8ebc263ec], EntityKey[org.pentaho.platform.repository.solution.dbbased.RepositoryFile#6e0323a6-244c-11e2-b16e-5dc8ebc263ec], EntityKey[org.pentaho.platform.repository.solution.dbbased.RepositoryFile#6e0d83bf-244c-11e2-b16e-5dc8ebc263ec], EntityKey[org.pentaho.platform.repository.solution.dbbased.RepositoryFile#6e0daada-244c-11e2-b16e-5dc8ebc263ec], EntityKey[org.pentaho.platform.repository.solution.dbbased.RepositoryFile#6e0daad2-244c-11e2-b16e-5dc8ebc263ec], EntityKey[org.pentaho.platform.repository.solution.dbbased.RepositoryFile#6e0dd1f5-244c-11e2-b16e-5dc8ebc263ec], EntityKey[org.pentaho.platform.repository.solution.dbbased.RepositoryFile#6e0d83ba-244c-11e2-b16e-5dc8ebc263ec], EntityKey[org.pentaho.platform.repository.solution.dbbased.RepositoryFile#6e0daad7-244c-11e2-b16e-5dc8ebc263ec], EntityKey[org.pentaho.platform.repository.solution.dbbased.RepositoryFile#6e0daadd-244c-11e2-b16e-5dc8ebc263ec], EntityKey[org.pentaho.platform.repository.solution.dbbased.RepositoryFile#6e0630fb-244c-11e2-b16e-5dc8ebc263ec], EntityKey[org.pentaho.platform.repository.solution.dbbased.RepositoryFile#6e0d83bb-244c-11e2-b16e-5dc8ebc263ec], EntityKey[org.pentaho.platform.repository.solution.dbbased.RepositoryFile#6e0daadf-244c-11e2-b16e-5dc8ebc263ec], EntityKey[org.pentaho.platform.repository.solution.dbbased.RepositoryFile#6e0d83be-244c-11e2-b16e-5dc8ebc263ec], EntityKey[org.pentaho.platform.repository.solution.dbbased.RepositoryFile#6e0daae0-244c-11e2-b16e-5dc8ebc263ec], EntityKey[org.pentaho.platform.repository.solution.dbbased.RepositoryFile#6e0d83c1-244c-11e2-b16e-5dc8ebc263ec], EntityKey[org.pentaho.platform.repository.solution.dbbased.RepositoryFile#6e0dd1f4-244c-11e2-b16e-5dc8ebc263ec], EntityKey[org.pentaho.platform.repository.solution.dbbased.RepositoryFile#6e0daade-244c-11e2-b16e-5dc8ebc263ec], EntityKey[org.pentaho.platform.repository.solution.dbbased.RepositoryFile#6e0daad8-244c-11e2-b16e-5dc8ebc263ec], EntityKey[org.pentaho.platform.repository.solution.dbbased.RepositoryFile#6e0daad5-244c-11e2-b16e-5dc8ebc263ec], EntityKey[org.pentaho.platform.repository.solution.dbbased.RepositoryFile#6e0daae2-244c-11e2-b16e-5dc8ebc263ec], EntityKey[org.pentaho.platform.repository.solution.dbbased.RepositoryFile#6e0d83bc-244c-11e2-b16e-5dc8ebc263ec], EntityKey[org.pentaho.platform.repository.solution.dbbased.RepositoryFile#6e0daad4-244c-11e2-b16e-5dc8ebc263ec], EntityKey[org.pentaho.platform.repository.solution.dbbased.RepositoryFile#6e0daad6-244c-11e2-b16e-5dc8ebc263ec], EntityKey[org.pentaho.platform.repository.solution.dbbased.RepositoryFile#6e0d83b9-244c-11e2-b16e-5dc8ebc263ec], EntityKey[org.pentaho.platform.repository.solution.dbbased.RepositoryFile#6e0daae3-244c-11e2-b16e-5dc8ebc263ec], EntityKey[org.pentaho.platform.repository.solution.dbbased.RepositoryFile#6e0daae1-244c-11e2-b16e-5dc8ebc263ec], EntityKey[org.pentaho.platform.repository.solution.dbbased.RepositoryFile#6e0daadc-244c-11e2-b16e-5dc8ebc263ec], EntityKey[org.pentaho.platform.repository.solution.dbbased.RepositoryFile#6e0dd1f6-244c-11e2-b16e-5dc8ebc263ec], EntityKey[org.pentaho.platform.repository.solution.dbbased.RepositoryFile#6e0daad3-244c-11e2-b16e-5dc8ebc263ec], EntityKey[org.pentaho.platform.repository.solution.dbbased.RepositoryFile#6e0d83bd-244c-11e2-b16e-5dc8ebc263ec], EntityKey[org.pentaho.platform.repository.solution.dbbased.RepositoryFile#6e0d83c0-244c-11e2-b16e-5dc8ebc263ec], EntityKey[org.pentaho.platform.repository.solution.dbbased.RepositoryFile#6e0daadb-244c-11e2-b16e-5dc8ebc263ec]],collectionKeys=[CollectionKey[org.pentaho.platform.repository.solution.dbbased.RepositoryFile.childrenFiles#6e0dd1f5-244c-11e2-b16e-5dc8ebc263ec], CollectionKey[org.pentaho.platform.repository.solution.dbbased.RepositoryFile.accessControls#6e0daade-244c-11e2-b16e-5dc8ebc263ec], CollectionKey[org.pentaho.platform.repository.solution.dbbased.RepositoryFile.childrenFiles#6e0d83c1-244c-11e2-b16e-5dc8ebc263ec], CollectionKey[org.pentaho.platform.repository.solution.dbbased.RepositoryFile.childrenFiles#6e0daae3-244c-11e2-b16e-5dc8ebc263ec], CollectionKey[org.pentaho.platform.repository.solution.dbbased.RepositoryFile.accessControls#6e0daadf-244c-11e2-b16e-5dc8ebc263ec], CollectionKey[org.pentaho.platform.repository.solution.dbbased.RepositoryFile.childrenFiles#6e0daae1-244c-11e2-b16e-5dc8ebc263ec], CollectionKey[org.pentaho.platform.repository.solution.dbbased.RepositoryFile.childrenFiles#6e0d83bd-244c-11e2-b16e-5dc8ebc263ec], CollectionKey[org.pentaho.platform.repository.solution.dbbased.RepositoryFile.accessControls#6e0d83be-244c-11e2-b16e-5dc8ebc263ec], CollectionKey[org.pentaho.platform.repository.solution.dbbased.RepositoryFile.accessControls#6e0daadc-244c-11e2-b16e-5dc8ebc263ec], CollectionKey[org.pentaho.platform.repository.solution.dbbased.RepositoryFile.accessControls#6e0dd1f4-244c-11e2-b16e-5dc8ebc263ec], CollectionKey[org.pentaho.platform.repository.solution.dbbased.RepositoryFile.childrenFiles#6e0daad4-244c-11e2-b16e-5dc8ebc263ec], CollectionKey[org.pentaho.platform.repository.solution.dbbased.RepositoryFile.accessControls#6e0d83bd-244c-11e2-b16e-5dc8ebc263ec], CollectionKey[org.pentaho.platform.repository.solution.dbbased.RepositoryFile.childrenFiles#6e0dd1f6-244c-11e2-b16e-5dc8ebc263ec], CollectionKey[org.pentaho.platform.repository.solution.dbbased.RepositoryFile.childrenFiles#6e0d83bb-244c-11e2-b16e-5dc8ebc263ec], CollectionKey[org.pentaho.platform.repository.solution.dbbased.RepositoryFile.childrenFiles#6e0daad2-244c-11e2-b16e-5dc8ebc263ec], CollectionKey[org.pentaho.platform.repository.solution.dbbased.RepositoryFile.accessControls#6e0daad3-244c-11e2-b16e-5dc8ebc263ec], CollectionKey[org.pentaho.platform.repository.solution.dbbased.RepositoryFile.accessControls#6e0daad4-244c-11e2-b16e-5dc8ebc263ec], CollectionKey[org.pentaho.platform.repository.solution.dbbased.RepositoryFile.accessControls#6e0dd1f6-244c-11e2-b16e-5dc8ebc263ec], CollectionKey[org.pentaho.platform.repository.solution.dbbased.RepositoryFile.childrenFiles#6e0dd1f4-244c-11e2-b16e-5dc8ebc263ec], CollectionKey[org.pentaho.platform.repository.solution.dbbased.RepositoryFile.childrenFiles#6e0daad7-244c-11e2-b16e-5dc8ebc263ec], CollectionKey[org.pentaho.platform.repository.solution.dbbased.RepositoryFile.childrenFiles#6e0daad5-244c-11e2-b16e-5dc8ebc263ec], CollectionKey[org.pentaho.platform.repository.solution.dbbased.RepositoryFile.accessControls#6e0daad5-244c-11e2-b16e-5dc8ebc263ec], CollectionKey[org.pentaho.platform.repository.solution.dbbased.RepositoryFile.accessControls#6e0dd1f5-244c-11e2-b16e-5dc8ebc263ec], CollectionKey[org.pentaho.platform.repository.solution.dbbased.RepositoryFile.childrenFiles#6e0daadf-244c-11e2-b16e-5dc8ebc263ec], CollectionKey[org.pentaho.platform.repository.solution.dbbased.RepositoryFile.accessControls#6e0d83b9-244c-11e2-b16e-5dc8ebc263ec], CollectionKey[org.pentaho.platform.repository.solution.dbbased.RepositoryFile.accessControls#6e0daae0-244c-11e2-b16e-5dc8ebc263ec], CollectionKey[org.pentaho.platform.repository.solution.dbbased.RepositoryFile.childrenFiles#6e0daae2-244c-11e2-b16e-5dc8ebc263ec], CollectionKey[org.pentaho.platform.repository.solution.dbbased.RepositoryFile.childrenFiles#6e0daadb-244c-11e2-b16e-5dc8ebc263ec], CollectionKey[org.pentaho.platform.repository.solution.dbbased.RepositoryFile.accessControls#6e0daad2-244c-11e2-b16e-5dc8ebc263ec], CollectionKey[org.pentaho.platform.repository.solution.dbbased.RepositoryFile.accessControls#6e0d83c0-244c-11e2-b16e-5dc8ebc263ec], CollectionKey[org.pentaho.platform.repository.solution.dbbased.RepositoryFile.childrenFiles#6e0daadc-244c-11e2-b16e-5dc8ebc263ec], CollectionKey[org.pentaho.platform.repository.solution.dbbased.RepositoryFile.accessControls#6e0daadb-244c-11e2-b16e-5dc8ebc263ec], CollectionKey[org.pentaho.platform.repository.solution.dbbased.RepositoryFile.childrenFiles#6e0d83bf-244c-11e2-b16e-5dc8ebc263ec], CollectionKey[org.pentaho.platform.repository.solution.dbbased.RepositoryFile.accessControls#6e0daadd-244c-11e2-b16e-5dc8ebc263ec], CollectionKey[org.pentaho.platform.repository.solution.dbbased.RepositoryFile.accessControls#6e0323a6-244c-11e2-b16e-5dc8ebc263ec], CollectionKey[org.pentaho.platform.repository.solution.dbbased.RepositoryFile.accessControls#6e0d83c1-244c-11e2-b16e-5dc8ebc263ec], CollectionKey[org.pentaho.platform.repository.solution.dbbased.RepositoryFile.childrenFiles#6e0daad9-244c-11e2-b16e-5dc8ebc263ec], CollectionKey[org.pentaho.platform.repository.solution.dbbased.RepositoryFile.accessControls#6e0daad9-244c-11e2-b16e-5dc8ebc263ec], CollectionKey[org.pentaho.platform.repository.solution.dbbased.RepositoryFile.accessControls#6e0d83bc-244c-11e2-b16e-5dc8ebc263ec], CollectionKey[org.pentaho.platform.repository.solution.dbbased.RepositoryFile.accessControls#6e0630fb-244c-11e2-b16e-5dc8ebc263ec], CollectionKey[org.pentaho.platform.repository.solution.dbbased.RepositoryFile.childrenFiles#6e0d83c0-244c-11e2-b16e-5dc8ebc263ec], CollectionKey[org.pentaho.platform.repository.solution.dbbased.RepositoryFile.childrenFiles#6e0d83be-244c-11e2-b16e-5dc8ebc263ec], CollectionKey[org.pentaho.platform.repository.solution.dbbased.RepositoryFile.accessControls#6e0d83bb-244c-11e2-b16e-5dc8ebc263ec], CollectionKey[org.pentaho.platform.repository.solution.dbbased.RepositoryFile.childrenFiles#6e0daad8-244c-11e2-b16e-5dc8ebc263ec], CollectionKey[org.pentaho.platform.repository.solution.dbbased.RepositoryFile.childrenFiles#6e0daade-244c-11e2-b16e-5dc8ebc263ec], CollectionKey[org.pentaho.platform.repository.solution.dbbased.RepositoryFile.accessControls#6e0d83bf-244c-11e2-b16e-5dc8ebc263ec], CollectionKey[org.pentaho.platform.repository.solution.dbbased.RepositoryFile.accessControls#6e0daae3-244c-11e2-b16e-5dc8ebc263ec], CollectionKey[org.pentaho.platform.repository.solution.dbbased.RepositoryFile.accessControls#6e0daad7-244c-11e2-b16e-5dc8ebc263ec], CollectionKey[org.pentaho.platform.repository.solution.dbbased.RepositoryFile.childrenFiles#6e0daae0-244c-11e2-b16e-5dc8ebc263ec], CollectionKey[org.pentaho.platform.repository.solution.dbbased.RepositoryFile.childrenFiles#6e0daadd-244c-11e2-b16e-5dc8ebc263ec], CollectionKey[org.pentaho.platform.repository.solution.dbbased.RepositoryFile.accessControls#6e0daae1-244c-11e2-b16e-5dc8ebc263ec], CollectionKey[org.pentaho.platform.repository.solution.dbbased.RepositoryFile.childrenFiles#6e0630fb-244c-11e2-b16e-5dc8ebc263ec], CollectionKey[org.pentaho.platform.repository.solution.dbbased.RepositoryFile.childrenFiles#6e0323a6-244c-11e2-b16e-5dc8ebc263ec], CollectionKey[org.pentaho.platform.repository.solution.dbbased.RepositoryFile.childrenFiles#6e0daad3-244c-11e2-b16e-5dc8ebc263ec], CollectionKey[org.pentaho.platform.repository.solution.dbbased.RepositoryFile.accessControls#6e0daad6-244c-11e2-b16e-5dc8ebc263ec], CollectionKey[org.pentaho.platform.repository.solution.dbbased.RepositoryFile.accessControls#6e0609d8-244c-11e2-b16e-5dc8ebc263ec], CollectionKey[org.pentaho.platform.repository.solution.dbbased.RepositoryFile.childrenFiles#6e0daada-244c-11e2-b16e-5dc8ebc263ec], CollectionKey[org.pentaho.platform.repository.solution.dbbased.RepositoryFile.accessControls#6e0daae2-244c-11e2-b16e-5dc8ebc263ec], CollectionKey[org.pentaho.platform.repository.solution.dbbased.RepositoryFile.childrenFiles#6e0d83b9-244c-11e2-b16e-5dc8ebc263ec], CollectionKey[org.pentaho.platform.repository.solution.dbbased.RepositoryFile.childrenFiles#6e0609d8-244c-11e2-b16e-5dc8ebc263ec], CollectionKey[org.pentaho.platform.repository.solution.dbbased.RepositoryFile.accessControls#6e0d83ba-244c-11e2-b16e-5dc8ebc263ec], CollectionKey[org.pentaho.platform.repository.solution.dbbased.RepositoryFile.childrenFiles#6e0daad6-244c-11e2-b16e-5dc8ebc263ec], CollectionKey[org.pentaho.platform.repository.solution.dbbased.RepositoryFile.childrenFiles#6e0d83ba-244c-11e2-b16e-5dc8ebc263ec], CollectionKey[org.pentaho.platform.repository.solution.dbbased.RepositoryFile.childrenFiles#6e0d83bc-244c-11e2-b16e-5dc8ebc263ec], CollectionKey[org.pentaho.platform.repository.solution.dbbased.RepositoryFile.accessControls#6e0daad8-244c-11e2-b16e-5dc8ebc263ec], CollectionKey[org.pentaho.platform.repository.solution.dbbased.RepositoryFile.accessControls#6e0daada-244c-11e2-b16e-5dc8ebc263ec]]];ActionQueue[insertions=[] updates=[] deletions=[] collectionCreations=[] collectionRemovals=[] collectionUpdates=[]])]) but failed to remove it when the web application was stopped. Threads are going to be renewed over time to try and avoid a probable memory leak.
Nov 5, 2012 11:42:26 AM org.apache.catalina.loader.WebappClassLoader checkThreadLocalMapForLeaks
SEVERE: The web application [/pentaho] created a ThreadLocal with key of type [java.lang.ThreadLocal] (value [java.lang.ThreadLocal@6d516432]) and a value of type [org.pentaho.platform.repository.solution.dbbased.DbBasedSolutionRepository] (value [org.pentaho.platform.repository.solution.dbbased.DbBasedSolutionRepository@5aebc9a2]) but failed to remove it when the web application was stopped. Threads are going to be renewed over time to try and avoid a probable memory leak.
Nov 5, 2012 11:42:26 AM org.apache.catalina.loader.WebappClassLoader checkThreadLocalMapForLeaks
SEVERE: The web application [/pentaho] created a ThreadLocal with key of type [java.lang.ThreadLocal] (value [java.lang.ThreadLocal@7a8946af]) and a value of type [org.apache.commons.vfs.provider.FileContentThreadData] (value [org.apache.commons.vfs.provider.FileContentThreadData@4a7fca02]) but failed to remove it when the web application was stopped. Threads are going to be renewed over time to try and avoid a probable memory leak.
Nov 5, 2012 11:42:26 AM org.apache.catalina.loader.WebappClassLoader checkThreadLocalMapForLeaks
SEVERE: The web application [/pentaho] created a ThreadLocal with key of type [org.pentaho.platform.plugin.services.pluginmgr.PluginMessageLogger$1] (value [org.pentaho.platform.plugin.services.pluginmgr.PluginMessageLogger$1@ba76f84]) and a value of type [java.util.ArrayList] (value [[Discovered plugin BI Server default plugin in default-plugin, This plugin provides: 0 menu customizations, 0 content types, 3 content generators, 0 overlays, and 0 lifecycle listeners, Discovered plugin pentaho-cdf in pentaho-cdf, Content type registered: xcdf - Dashboard, This plugin provides: 0 menu customizations, 1 content types, 1 content generators, 0 overlays, and 1 lifecycle listeners, Discovered plugin Pentaho Reporting Plugin in reporting, Content type registered: prpt - Pentaho Report, This plugin provides: 0 menu customizations, 1 content types, 1 content generators, 0 overlays, and 1 lifecycle listeners, Discovered plugin cgg in cgg, This plugin provides: 0 menu customizations, 0 content types, 1 content generators, 0 overlays, and 0 lifecycle listeners, Discovered plugin common-ui in common-ui, This plugin provides: 0 menu customizations, 0 content types, 1 content generators, 0 overlays, and 0 lifecycle listeners, Content generator registered: ws-services for plugin BI Server default plugin, Content generator registered: ws-run for plugin BI Server default plugin, Content generator registered: ws-wsdl for plugin BI Server default plugin, Plugin BI Server default plugin has registered successfully, Content generator registered: pentaho-cdf for plugin pentaho-cdf, Plugin pentaho-cdf has registered successfully, Content generator registered: reporting for plugin Pentaho Reporting Plugin, Plugin Pentaho Reporting Plugin has registered successfully, Content generator registered: cgg for plugin cgg, Plugin cgg has registered successfully, Content generator registered: reposvc for plugin common-ui, Plugin common-ui has registered successfully]]) but failed to remove it when the web application was stopped. Threads are going to be renewed over time to try and avoid a probable memory leak.
Nov 5, 2012 11:42:26 AM org.apache.catalina.loader.WebappClassLoader checkThreadLocalMapForLeaks
SEVERE: The web application [/pentaho] created a ThreadLocal with key of type [java.lang.ThreadLocal] (value [java.lang.ThreadLocal@1d8a4916]) and a value of type [org.pentaho.platform.engine.core.system.StandaloneSession] (value [org.pentaho.platform.engine.core.system.StandaloneSession@a0c017d]) but failed to remove it when the web application was stopped. Threads are going to be renewed over time to try and avoid a probable memory leak.
Nov 5, 2012 11:42:26 AM org.apache.catalina.loader.WebappClassLoader checkThreadLocalMapForLeaks
SEVERE: The web application [/pentaho] created a ThreadLocal with key of type [java.lang.ThreadLocal] (value [java.lang.ThreadLocal@200483a5]) and a value of type [org.pentaho.platform.engine.security.session.TrustedSystemStartupSession] (value [org.pentaho.platform.engine.security.session.TrustedSystemStartupSession@45c803ae]) but failed to remove it when the web application was stopped. Threads are going to be renewed over time to try and avoid a probable memory leak.
Nov 5, 2012 11:42:26 AM org.apache.catalina.loader.WebappClassLoader checkThreadLocalMapForLeaks
SEVERE: The web application [/pentaho] created a ThreadLocal with key of type [java.lang.InheritableThreadLocal] (value [java.lang.InheritableThreadLocal@85ed60f]) and a value of type [org.pentaho.platform.engine.security.session.TrustedSystemStartupSession] (value [org.pentaho.platform.engine.security.session.TrustedSystemStartupSession@c390508]) but failed to remove it when the web application was stopped. Threads are going to be renewed over time to try and avoid a probable memory leak.
Nov 5, 2012 11:42:26 AM org.apache.catalina.loader.WebappClassLoader checkThreadLocalMapForLeaks
SEVERE: The web application [/pentaho] created a ThreadLocal with key of type [java.lang.InheritableThreadLocal] (value [java.lang.InheritableThreadLocal@85ed60f]) and a value of type [org.pentaho.platform.engine.security.session.TrustedSystemStartupSession] (value [org.pentaho.platform.engine.security.session.TrustedSystemStartupSession@c390508]) but failed to remove it when the web application was stopped. Threads are going to be renewed over time to try and avoid a probable memory leak.
Nov 5, 2012 11:42:26 AM org.apache.catalina.loader.WebappClassLoader checkThreadLocalMapForLeaks
SEVERE: The web application [/pentaho] created a ThreadLocal with key of type [java.lang.InheritableThreadLocal] (value [java.lang.InheritableThreadLocal@85ed60f]) and a value of type [org.pentaho.platform.engine.security.session.TrustedSystemStartupSession] (value [org.pentaho.platform.engine.security.session.TrustedSystemStartupSession@c390508]) but failed to remove it when the web application was stopped. Threads are going to be renewed over time to try and avoid a probable memory leak.
Nov 5, 2012 11:42:26 AM org.apache.catalina.loader.WebappClassLoader checkThreadLocalMapForLeaks
SEVERE: The web application [/pentaho] created a ThreadLocal with key of type [java.lang.InheritableThreadLocal] (value [java.lang.InheritableThreadLocal@85ed60f]) and a value of type [org.pentaho.platform.engine.security.session.TrustedSystemStartupSession] (value [org.pentaho.platform.engine.security.session.TrustedSystemStartupSession@c390508]) but failed to remove it when the web application was stopped. Threads are going to be renewed over time to try and avoid a probable memory leak.
Nov 5, 2012 11:42:26 AM org.apache.catalina.loader.WebappClassLoader checkThreadLocalMapForLeaks
SEVERE: The web application [/pentaho] created a ThreadLocal with key of type [java.lang.InheritableThreadLocal] (value [java.lang.InheritableThreadLocal@85ed60f]) and a value of type [org.pentaho.platform.engine.security.session.TrustedSystemStartupSession] (value [org.pentaho.platform.engine.security.session.TrustedSystemStartupSession@c390508]) but failed to remove it when the web application was stopped. Threads are going to be renewed over time to try and avoid a probable memory leak.
Nov 5, 2012 11:42:26 AM org.apache.catalina.loader.WebappClassLoader checkThreadLocalMapForLeaks
SEVERE: The web application [/pentaho] created a ThreadLocal with key of type [java.lang.InheritableThreadLocal] (value [java.lang.InheritableThreadLocal@85ed60f]) and a value of type [org.pentaho.platform.engine.security.session.TrustedSystemStartupSession] (value [org.pentaho.platform.engine.security.session.TrustedSystemStartupSession@c390508]) but failed to remove it when the web application was stopped. Threads are going to be renewed over time to try and avoid a probable memory leak.
Nov 5, 2012 11:42:26 AM org.apache.catalina.loader.WebappClassLoader checkThreadLocalMapForLeaks
SEVERE: The web application [/pentaho] created a ThreadLocal with key of type [java.lang.InheritableThreadLocal] (value [java.lang.InheritableThreadLocal@85ed60f]) and a value of type [org.pentaho.platform.engine.security.session.TrustedSystemStartupSession] (value [org.pentaho.platform.engine.security.session.TrustedSystemStartupSession@c390508]) but failed to remove it when the web application was stopped. Threads are going to be renewed over time to try and avoid a probable memory leak.
Nov 5, 2012 11:42:26 AM org.apache.catalina.loader.WebappClassLoader checkThreadLocalMapForLeaks
SEVERE: The web application [/pentaho] created a ThreadLocal with key of type [java.lang.InheritableThreadLocal] (value [java.lang.InheritableThreadLocal@85ed60f]) and a value of type [org.pentaho.platform.engine.security.session.TrustedSystemStartupSession] (value [org.pentaho.platform.engine.security.session.TrustedSystemStartupSession@c390508]) but failed to remove it when the web application was stopped. Threads are going to be renewed over time to try and avoid a probable memory leak.
Nov 5, 2012 11:42:26 AM org.apache.catalina.loader.WebappClassLoader checkThreadLocalMapForLeaks
SEVERE: The web application [/pentaho] created a ThreadLocal with key of type [java.lang.InheritableThreadLocal] (value [java.lang.InheritableThreadLocal@85ed60f]) and a value of type [org.pentaho.platform.engine.security.session.TrustedSystemStartupSession] (value [org.pentaho.platform.engine.security.session.TrustedSystemStartupSession@c390508]) but failed to remove it when the web application was stopped. Threads are going to be renewed over time to try and avoid a probable memory leak.
Nov 5, 2012 11:42:26 AM org.apache.catalina.loader.WebappClassLoader checkThreadLocalMapForLeaks
SEVERE: The web application [/pentaho] created a ThreadLocal with key of type [java.lang.InheritableThreadLocal] (value [java.lang.InheritableThreadLocal@85ed60f]) and a value of type [org.pentaho.platform.engine.security.session.TrustedSystemStartupSession] (value [org.pentaho.platform.engine.security.session.TrustedSystemStartupSession@c390508]) but failed to remove it when the web application was stopped. Threads are going to be renewed over time to try and avoid a probable memory leak.
Nov 5, 2012 11:42:26 AM org.apache.catalina.loader.WebappClassLoader checkThreadLocalMapForLeaks
SEVERE: The web application [/pentaho] created a ThreadLocal with key of type [java.lang.InheritableThreadLocal] (value [java.lang.InheritableThreadLocal@85ed60f]) and a value of type [org.pentaho.platform.engine.security.session.TrustedSystemStartupSession] (value [org.pentaho.platform.engine.security.session.TrustedSystemStartupSession@c390508]) but failed to remove it when the web application was stopped. Threads are going to be renewed over time to try and avoid a probable memory leak.
Nov 5, 2012 11:42:26 AM org.apache.catalina.loader.WebappClassLoader checkThreadLocalMapForLeaks
SEVERE: The web application [/pentaho] created a ThreadLocal with key of type [java.lang.InheritableThreadLocal] (value [java.lang.InheritableThreadLocal@85ed60f]) and a value of type [org.pentaho.platform.engine.security.session.TrustedSystemStartupSession] (value [org.pentaho.platform.engine.security.session.TrustedSystemStartupSession@c390508]) but failed to remove it when the web application was stopped. Threads are going to be renewed over time to try and avoid a probable memory leak.
Nov 5, 2012 11:42:26 AM org.apache.catalina.loader.WebappClassLoader checkThreadLocalMapForLeaks
SEVERE: The web application [/pentaho] created a ThreadLocal with key of type [java.lang.InheritableThreadLocal] (value [java.lang.InheritableThreadLocal@85ed60f]) and a value of type [org.pentaho.platform.engine.security.session.TrustedSystemStartupSession] (value [org.pentaho.platform.engine.security.session.TrustedSystemStartupSession@c390508]) but failed to remove it when the web application was stopped. Threads are going to be renewed over time to try and avoid a probable memory leak.
Nov 5, 2012 11:42:26 AM org.apache.catalina.loader.WebappClassLoader checkThreadLocalMapForLeaks
SEVERE: The web application [/pentaho] created a ThreadLocal with key of type [java.lang.InheritableThreadLocal] (value [java.lang.InheritableThreadLocal@85ed60f]) and a value of type [org.pentaho.platform.engine.security.session.TrustedSystemStartupSession] (value [org.pentaho.platform.engine.security.session.TrustedSystemStartupSession@c390508]) but failed to remove it when the web application was stopped. Threads are going to be renewed over time to try and avoid a probable memory leak.
Nov 5, 2012 11:42:26 AM org.apache.catalina.loader.WebappClassLoader checkThreadLocalMapForLeaks
SEVERE: The web application [/pentaho] created a ThreadLocal with key of type [java.lang.InheritableThreadLocal] (value [java.lang.InheritableThreadLocal@85ed60f]) and a value of type [org.pentaho.platform.engine.security.session.TrustedSystemStartupSession] (value [org.pentaho.platform.engine.security.session.TrustedSystemStartupSession@c390508]) but failed to remove it when the web application was stopped. Threads are going to be renewed over time to try and avoid a probable memory leak.
Nov 5, 2012 11:42:26 AM org.apache.catalina.loader.WebappClassLoader checkThreadLocalMapForLeaks
SEVERE: The web application [/pentaho] created a ThreadLocal with key of type [java.lang.InheritableThreadLocal] (value [java.lang.InheritableThreadLocal@85ed60f]) and a value of type [org.pentaho.platform.engine.security.session.TrustedSystemStartupSession] (value [org.pentaho.platform.engine.security.session.TrustedSystemStartupSession@c390508]) but failed to remove it when the web application was stopped. Threads are going to be renewed over time to try and avoid a probable memory leak.
Nov 5, 2012 11:42:26 AM org.apache.catalina.loader.WebappClassLoader checkThreadLocalMapForLeaks
SEVERE: The web application [/pentaho] created a ThreadLocal with key of type [java.lang.InheritableThreadLocal] (value [java.lang.InheritableThreadLocal@85ed60f]) and a value of type [org.pentaho.platform.engine.security.session.TrustedSystemStartupSession] (value [org.pentaho.platform.engine.security.session.TrustedSystemStartupSession@c390508]) but failed to remove it when the web application was stopped. Threads are going to be renewed over time to try and avoid a probable memory leak.
Nov 5, 2012 11:42:26 AM org.apache.catalina.loader.WebappClassLoader checkThreadLocalMapForLeaks
SEVERE: The web application [/pentaho] created a ThreadLocal with key of type [java.lang.InheritableThreadLocal] (value [java.lang.InheritableThreadLocal@85ed60f]) and a value of type [org.pentaho.platform.engine.security.session.TrustedSystemStartupSession] (value [org.pentaho.platform.engine.security.session.TrustedSystemStartupSession@c390508]) but failed to remove it when the web application was stopped. Threads are going to be renewed over time to try and avoid a probable memory leak.
Nov 5, 2012 11:42:26 AM org.apache.catalina.loader.WebappClassLoader checkThreadLocalMapForLeaks
SEVERE: The web application [/pentaho] created a ThreadLocal with key of type [java.lang.InheritableThreadLocal] (value [java.lang.InheritableThreadLocal@85ed60f]) and a value of type [org.pentaho.platform.engine.security.session.TrustedSystemStartupSession] (value [org.pentaho.platform.engine.security.session.TrustedSystemStartupSession@c390508]) but failed to remove it when the web application was stopped. Threads are going to be renewed over time to try and avoid a probable memory leak.
Nov 5, 2012 11:42:26 AM org.apache.catalina.loader.WebappClassLoader checkThreadLocalMapForLeaks
SEVERE: The web application [/pentaho] created a ThreadLocal with key of type [java.lang.InheritableThreadLocal] (value [java.lang.InheritableThreadLocal@85ed60f]) and a value of type [org.pentaho.platform.engine.security.session.TrustedSystemStartupSession] (value [org.pentaho.platform.engine.security.session.TrustedSystemStartupSession@c390508]) but failed to remove it when the web application was stopped. Threads are going to be renewed over time to try and avoid a probable memory leak.
Nov 5, 2012 11:42:26 AM org.apache.catalina.loader.WebappClassLoader checkThreadLocalMapForLeaks
SEVERE: The web application [/pentaho] created a ThreadLocal with key of type [java.lang.InheritableThreadLocal] (value [java.lang.InheritableThreadLocal@85ed60f]) and a value of type [org.pentaho.platform.engine.security.session.TrustedSystemStartupSession] (value [org.pentaho.platform.engine.security.session.TrustedSystemStartupSession@c390508]) but failed to remove it when the web application was stopped. Threads are going to be renewed over time to try and avoid a probable memory leak.
Nov 5, 2012 11:42:26 AM org.apache.catalina.loader.WebappClassLoader checkThreadLocalMapForLeaks
SEVERE: The web application [/pentaho] created a ThreadLocal with key of type [java.lang.InheritableThreadLocal] (value [java.lang.InheritableThreadLocal@85ed60f]) and a value of type [org.pentaho.platform.engine.security.session.TrustedSystemStartupSession] (value [org.pentaho.platform.engine.security.session.TrustedSystemStartupSession@c390508]) but failed to remove it when the web application was stopped. Threads are going to be renewed over time to try and avoid a probable memory leak.
Nov 5, 2012 11:42:26 AM org.apache.catalina.loader.WebappClassLoader checkThreadLocalMapForLeaks
SEVERE: The web application [/pentaho] created a ThreadLocal with key of type [java.lang.InheritableThreadLocal] (value [java.lang.InheritableThreadLocal@85ed60f]) and a value of type [org.pentaho.platform.engine.security.session.TrustedSystemStartupSession] (value [org.pentaho.platform.engine.security.session.TrustedSystemStartupSession@c390508]) but failed to remove it when the web application was stopped. Threads are going to be renewed over time to try and avoid a probable memory leak.
Nov 5, 2012 11:42:26 AM org.apache.coyote.AbstractProtocol stop
INFO: Stopping ProtocolHandler ["http-bio-8080"]
Nov 5, 2012 11:42:26 AM org.apache.coyote.AbstractProtocol destroy
INFO: Destroying ProtocolHandler ["http-bio-8080"]
Nov 5, 2012 11:42:26 AM org.apache.coyote.AbstractProtocol stop
INFO: Stopping ProtocolHandler ["ajp-bio-8009"]
Nov 5, 2012 11:42:26 AM org.apache.coyote.AbstractProtocol destroy
INFO: Destroying ProtocolHandler ["ajp-bio-8009"]
Nov 5, 2012 11:42:26 AM org.apache.catalina.loader.WebappClassLoader loadClass
INFO: Illegal access: this web application instance has been stopped already.  Could not load org.apache.commons.vfs.impl.PrivilegedFileReplicator$CloseAction.  The eventual following stack trace is caused by an error thrown for debugging purposes as well as to attempt to terminate the thread which caused the illegal access, and has no functional impact.
java.lang.IllegalStateException
	at org.apache.catalina.loader.WebappClassLoader.loadClass(WebappClassLoader.java:1600)
	at org.apache.catalina.loader.WebappClassLoader.loadClass(WebappClassLoader.java:1559)
	at org.apache.commons.vfs.impl.PrivilegedFileReplicator.close(Unknown Source)
	at org.apache.commons.vfs.impl.DefaultFileSystemManager.closeComponent(Unknown Source)
	at org.apache.commons.vfs.impl.DefaultFileSystemManager.close(Unknown Source)
	at org.pentaho.di.core.vfs.KettleVFS$1.run(KettleVFS.java:84)
	at java.lang.Thread.run(Thread.java:662)
Nov 5, 2012 12:38:02 PM org.apache.catalina.core.StandardServer await
INFO: A valid shutdown command was received via the shutdown port. Stopping the Server instance.
Nov 5, 2012 12:38:02 PM org.apache.coyote.AbstractProtocol pause
INFO: Pausing ProtocolHandler ["http-bio-8080"]
Nov 5, 2012 12:38:02 PM org.apache.coyote.AbstractProtocol pause
INFO: Pausing ProtocolHandler ["ajp-bio-8009"]
Nov 5, 2012 12:38:02 PM org.apache.catalina.core.StandardService stopInternal
INFO: Stopping service Catalina
Nov 5, 2012 12:38:02 PM org.apache.catalina.loader.WebappClassLoader clearReferencesThreads
SEVERE: The web application [/pentaho] appears to have started a thread named [Timer-0] but has failed to stop it. This is very likely to create a memory leak.
Nov 5, 2012 12:38:02 PM org.apache.catalina.loader.WebappClassLoader clearReferencesThreads
SEVERE: The web application [/pentaho] appears to have started a thread named [org.apache.commons.vfs.cache.SoftRefFilesCache$SoftRefReleaseThread] but has failed to stop it. This is very likely to create a memory leak.
Nov 5, 2012 12:38:02 PM org.apache.catalina.loader.WebappClassLoader clearReferencesThreads
SEVERE: The web application [/pentaho] appears to have started a thread named [net.sf.ehcache.CacheManager@4ecac02f] but has failed to stop it. This is very likely to create a memory leak.
Nov 5, 2012 12:38:02 PM org.apache.catalina.loader.WebappClassLoader clearReferencesThreads
SEVERE: The web application [/pentaho] appears to have started a thread named [Store pentahoCache Spool Thread] but has failed to stop it. This is very likely to create a memory leak.
Nov 5, 2012 12:38:02 PM org.apache.catalina.loader.WebappClassLoader clearReferencesThreads
SEVERE: The web application [/pentaho] appears to have started a thread named [Store org.pentaho.platform.repository.solution.dbbased.RepositoryFile Spool Thread] but has failed to stop it. This is very likely to create a memory leak.
Nov 5, 2012 12:38:02 PM org.apache.catalina.loader.WebappClassLoader clearReferencesThreads
SEVERE: The web application [/pentaho] appears to have started a thread named [Store mondrian-catalog-cache Spool Thread] but has failed to stop it. This is very likely to create a memory leak.
Nov 5, 2012 12:38:02 PM org.apache.catalina.loader.WebappClassLoader clearReferencesThreads
SEVERE: The web application [/pentaho] appears to have started a thread named [Store org.pentaho.platform.repository.solution.dbbased.RepositoryFile.accessControls Spool Thread] but has failed to stop it. This is very likely to create a memory leak.
Nov 5, 2012 12:38:02 PM org.apache.catalina.loader.WebappClassLoader clearReferencesThreads
SEVERE: The web application [/pentaho] appears to have started a thread named [Store libloader-data Spool Thread] but has failed to stop it. This is very likely to create a memory leak.
Nov 5, 2012 12:38:02 PM org.apache.catalina.loader.WebappClassLoader clearReferencesThreads
SEVERE: The web application [/pentaho] appears to have started a thread named [Store org.pentaho.platform.repository.solution.dbbased.RepositoryFile.childrenFiles Spool Thread] but has failed to stop it. This is very likely to create a memory leak.
Nov 5, 2012 12:38:02 PM org.apache.catalina.loader.WebappClassLoader clearReferencesThreads
SEVERE: The web application [/pentaho] appears to have started a thread named [net.sf.ehcache.CacheManager@79032d84] but has failed to stop it. This is very likely to create a memory leak.
Nov 5, 2012 12:38:02 PM org.apache.catalina.loader.WebappClassLoader clearReferencesThreads
SEVERE: The web application [/pentaho] appears to have started a thread named [Store org.pentaho.platform.repository.solution.dbbased.RepositoryFile.accessControls Spool Thread] but has failed to stop it. This is very likely to create a memory leak.
Nov 5, 2012 12:38:02 PM org.apache.catalina.loader.WebappClassLoader clearReferencesThreads
SEVERE: The web application [/pentaho] appears to have started a thread named [Store org.pentaho.platform.repository.solution.dbbased.RepositoryFile Spool Thread] but has failed to stop it. This is very likely to create a memory leak.
Nov 5, 2012 12:38:02 PM org.apache.catalina.loader.WebappClassLoader clearReferencesThreads
SEVERE: The web application [/pentaho] appears to have started a thread named [Store pentahoCache Spool Thread] but has failed to stop it. This is very likely to create a memory leak.
Nov 5, 2012 12:38:02 PM org.apache.catalina.loader.WebappClassLoader clearReferencesThreads
SEVERE: The web application [/pentaho] appears to have started a thread named [Store mondrian-catalog-cache Spool Thread] but has failed to stop it. This is very likely to create a memory leak.
Nov 5, 2012 12:38:02 PM org.apache.catalina.loader.WebappClassLoader clearReferencesThreads
SEVERE: The web application [/pentaho] appears to have started a thread named [Store org.pentaho.platform.repository.solution.dbbased.RepositoryFile.childrenFiles Spool Thread] but has failed to stop it. This is very likely to create a memory leak.
Nov 5, 2012 12:38:02 PM org.apache.catalina.loader.WebappClassLoader clearReferencesThreads
SEVERE: The web application [/pentaho] appears to have started a thread named [Store libloader-data Spool Thread] but has failed to stop it. This is very likely to create a memory leak.
Nov 5, 2012 12:38:02 PM org.apache.catalina.loader.WebappClassLoader clearReferencesThreads
SEVERE: The web application [/pentaho] appears to have started a thread named [net.sf.ehcache.CacheManager@49498526] but has failed to stop it. This is very likely to create a memory leak.
Nov 5, 2012 12:38:02 PM org.apache.catalina.loader.WebappClassLoader clearReferencesThreads
SEVERE: The web application [/pentaho] appears to have started a thread named [Store pentahoCache Spool Thread] but has failed to stop it. This is very likely to create a memory leak.
Nov 5, 2012 12:38:02 PM org.apache.catalina.loader.WebappClassLoader clearReferencesThreads
SEVERE: The web application [/pentaho] appears to have started a thread named [Store org.pentaho.platform.repository.solution.dbbased.RepositoryFile Spool Thread] but has failed to stop it. This is very likely to create a memory leak.
Nov 5, 2012 12:38:02 PM org.apache.catalina.loader.WebappClassLoader clearReferencesThreads
SEVERE: The web application [/pentaho] appears to have started a thread named [Store org.pentaho.platform.repository.solution.dbbased.RepositoryFile.accessControls Spool Thread] but has failed to stop it. This is very likely to create a memory leak.
Nov 5, 2012 12:38:02 PM org.apache.catalina.loader.WebappClassLoader clearReferencesThreads
SEVERE: The web application [/pentaho] appears to have started a thread named [Store libloader-data Spool Thread] but has failed to stop it. This is very likely to create a memory leak.
Nov 5, 2012 12:38:02 PM org.apache.catalina.loader.WebappClassLoader clearReferencesThreads
SEVERE: The web application [/pentaho] appears to have started a thread named [Store org.pentaho.platform.repository.solution.dbbased.RepositoryFile.childrenFiles Spool Thread] but has failed to stop it. This is very likely to create a memory leak.
Nov 5, 2012 12:38:02 PM org.apache.catalina.loader.WebappClassLoader clearReferencesThreads
SEVERE: The web application [/pentaho] appears to have started a thread named [Store mondrian-catalog-cache Spool Thread] but has failed to stop it. This is very likely to create a memory leak.
Nov 5, 2012 12:38:02 PM org.apache.catalina.loader.WebappClassLoader checkThreadLocalMapForLeaks
SEVERE: The web application [/pentaho] created a ThreadLocal with key of type [java.lang.InheritableThreadLocal] (value [java.lang.InheritableThreadLocal@5b013dc8]) and a value of type [org.pentaho.platform.engine.security.session.TrustedSystemStartupSession] (value [org.pentaho.platform.engine.security.session.TrustedSystemStartupSession@7a0d637d]) but failed to remove it when the web application was stopped. Threads are going to be renewed over time to try and avoid a probable memory leak.
Nov 5, 2012 12:38:02 PM org.apache.catalina.loader.WebappClassLoader checkThreadLocalMapForLeaks
SEVERE: The web application [/pentaho] created a ThreadLocal with key of type [java.lang.InheritableThreadLocal] (value [java.lang.InheritableThreadLocal@5b013dc8]) and a value of type [org.pentaho.platform.engine.security.session.TrustedSystemStartupSession] (value [org.pentaho.platform.engine.security.session.TrustedSystemStartupSession@7a0d637d]) but failed to remove it when the web application was stopped. Threads are going to be renewed over time to try and avoid a probable memory leak.
Nov 5, 2012 12:38:02 PM org.apache.catalina.loader.WebappClassLoader checkThreadLocalMapForLeaks
SEVERE: The web application [/pentaho] created a ThreadLocal with key of type [java.lang.InheritableThreadLocal] (value [java.lang.InheritableThreadLocal@5b013dc8]) and a value of type [org.pentaho.platform.engine.security.session.TrustedSystemStartupSession] (value [org.pentaho.platform.engine.security.session.TrustedSystemStartupSession@7a0d637d]) but failed to remove it when the web application was stopped. Threads are going to be renewed over time to try and avoid a probable memory leak.
Nov 5, 2012 12:38:02 PM org.apache.catalina.loader.WebappClassLoader checkThreadLocalMapForLeaks
SEVERE: The web application [/pentaho] created a ThreadLocal with key of type [java.lang.InheritableThreadLocal] (value [java.lang.InheritableThreadLocal@5b013dc8]) and a value of type [org.pentaho.platform.engine.security.session.TrustedSystemStartupSession] (value [org.pentaho.platform.engine.security.session.TrustedSystemStartupSession@7a0d637d]) but failed to remove it when the web application was stopped. Threads are going to be renewed over time to try and avoid a probable memory leak.
Nov 5, 2012 12:38:02 PM org.apache.catalina.loader.WebappClassLoader checkThreadLocalMapForLeaks
SEVERE: The web application [/pentaho] created a ThreadLocal with key of type [java.lang.InheritableThreadLocal] (value [java.lang.InheritableThreadLocal@5b013dc8]) and a value of type [org.pentaho.platform.engine.security.session.TrustedSystemStartupSession] (value [org.pentaho.platform.engine.security.session.TrustedSystemStartupSession@7a0d637d]) but failed to remove it when the web application was stopped. Threads are going to be renewed over time to try and avoid a probable memory leak.
Nov 5, 2012 12:38:02 PM org.apache.catalina.loader.WebappClassLoader checkThreadLocalMapForLeaks
SEVERE: The web application [/pentaho] created a ThreadLocal with key of type [java.lang.InheritableThreadLocal] (value [java.lang.InheritableThreadLocal@5b013dc8]) and a value of type [org.pentaho.platform.engine.security.session.TrustedSystemStartupSession] (value [org.pentaho.platform.engine.security.session.TrustedSystemStartupSession@7a0d637d]) but failed to remove it when the web application was stopped. Threads are going to be renewed over time to try and avoid a probable memory leak.
Nov 5, 2012 12:38:02 PM org.apache.catalina.loader.WebappClassLoader checkThreadLocalMapForLeaks
SEVERE: The web application [/pentaho] created a ThreadLocal with key of type [java.lang.InheritableThreadLocal] (value [java.lang.InheritableThreadLocal@5b013dc8]) and a value of type [org.pentaho.platform.engine.security.session.TrustedSystemStartupSession] (value [org.pentaho.platform.engine.security.session.TrustedSystemStartupSession@7a0d637d]) but failed to remove it when the web application was stopped. Threads are going to be renewed over time to try and avoid a probable memory leak.
Nov 5, 2012 12:38:02 PM org.apache.catalina.loader.WebappClassLoader checkThreadLocalMapForLeaks
SEVERE: The web application [/pentaho] created a ThreadLocal with key of type [java.lang.InheritableThreadLocal] (value [java.lang.InheritableThreadLocal@5b013dc8]) and a value of type [org.pentaho.platform.engine.security.session.TrustedSystemStartupSession] (value [org.pentaho.platform.engine.security.session.TrustedSystemStartupSession@7a0d637d]) but failed to remove it when the web application was stopped. Threads are going to be renewed over time to try and avoid a probable memory leak.
Nov 5, 2012 12:38:02 PM org.apache.catalina.loader.WebappClassLoader checkThreadLocalMapForLeaks
SEVERE: The web application [/pentaho] created a ThreadLocal with key of type [java.lang.InheritableThreadLocal] (value [java.lang.InheritableThreadLocal@5b013dc8]) and a value of type [org.pentaho.platform.engine.security.session.TrustedSystemStartupSession] (value [org.pentaho.platform.engine.security.session.TrustedSystemStartupSession@7a0d637d]) but failed to remove it when the web application was stopped. Threads are going to be renewed over time to try and avoid a probable memory leak.
Nov 5, 2012 12:38:02 PM org.apache.catalina.loader.WebappClassLoader checkThreadLocalMapForLeaks
SEVERE: The web application [/pentaho] created a ThreadLocal with key of type [java.lang.InheritableThreadLocal] (value [java.lang.InheritableThreadLocal@5b013dc8]) and a value of type [org.pentaho.platform.engine.security.session.TrustedSystemStartupSession] (value [org.pentaho.platform.engine.security.session.TrustedSystemStartupSession@7a0d637d]) but failed to remove it when the web application was stopped. Threads are going to be renewed over time to try and avoid a probable memory leak.
Nov 5, 2012 12:38:02 PM org.apache.catalina.loader.WebappClassLoader checkThreadLocalMapForLeaks
SEVERE: The web application [/pentaho] created a ThreadLocal with key of type [java.lang.InheritableThreadLocal] (value [java.lang.InheritableThreadLocal@5b013dc8]) and a value of type [org.pentaho.platform.engine.security.session.TrustedSystemStartupSession] (value [org.pentaho.platform.engine.security.session.TrustedSystemStartupSession@7a0d637d]) but failed to remove it when the web application was stopped. Threads are going to be renewed over time to try and avoid a probable memory leak.
Nov 5, 2012 12:38:02 PM org.apache.catalina.loader.WebappClassLoader checkThreadLocalMapForLeaks
SEVERE: The web application [/pentaho] created a ThreadLocal with key of type [java.lang.InheritableThreadLocal] (value [java.lang.InheritableThreadLocal@5b013dc8]) and a value of type [org.pentaho.platform.engine.security.session.TrustedSystemStartupSession] (value [org.pentaho.platform.engine.security.session.TrustedSystemStartupSession@7a0d637d]) but failed to remove it when the web application was stopped. Threads are going to be renewed over time to try and avoid a probable memory leak.
Nov 5, 2012 12:38:02 PM org.apache.catalina.loader.WebappClassLoader checkThreadLocalMapForLeaks
SEVERE: The web application [/pentaho] created a ThreadLocal with key of type [java.lang.InheritableThreadLocal] (value [java.lang.InheritableThreadLocal@5b013dc8]) and a value of type [org.pentaho.platform.engine.security.session.TrustedSystemStartupSession] (value [org.pentaho.platform.engine.security.session.TrustedSystemStartupSession@7a0d637d]) but failed to remove it when the web application was stopped. Threads are going to be renewed over time to try and avoid a probable memory leak.
Nov 5, 2012 12:38:02 PM org.apache.catalina.loader.WebappClassLoader checkThreadLocalMapForLeaks
SEVERE: The web application [/pentaho] created a ThreadLocal with key of type [java.lang.InheritableThreadLocal] (value [java.lang.InheritableThreadLocal@5b013dc8]) and a value of type [org.pentaho.platform.engine.security.session.TrustedSystemStartupSession] (value [org.pentaho.platform.engine.security.session.TrustedSystemStartupSession@7a0d637d]) but failed to remove it when the web application was stopped. Threads are going to be renewed over time to try and avoid a probable memory leak.
Nov 5, 2012 12:38:02 PM org.apache.catalina.loader.WebappClassLoader checkThreadLocalMapForLeaks
SEVERE: The web application [/pentaho] created a ThreadLocal with key of type [java.lang.InheritableThreadLocal] (value [java.lang.InheritableThreadLocal@5b013dc8]) and a value of type [org.pentaho.platform.engine.security.session.TrustedSystemStartupSession] (value [org.pentaho.platform.engine.security.session.TrustedSystemStartupSession@7a0d637d]) but failed to remove it when the web application was stopped. Threads are going to be renewed over time to try and avoid a probable memory leak.
Nov 5, 2012 12:38:02 PM org.apache.catalina.loader.WebappClassLoader checkThreadLocalMapForLeaks
SEVERE: The web application [/pentaho] created a ThreadLocal with key of type [java.lang.InheritableThreadLocal] (value [java.lang.InheritableThreadLocal@5b013dc8]) and a value of type [org.pentaho.platform.engine.security.session.TrustedSystemStartupSession] (value [org.pentaho.platform.engine.security.session.TrustedSystemStartupSession@7a0d637d]) but failed to remove it when the web application was stopped. Threads are going to be renewed over time to try and avoid a probable memory leak.
Nov 5, 2012 12:38:02 PM org.apache.catalina.loader.WebappClassLoader checkThreadLocalMapForLeaks
SEVERE: The web application [/pentaho] created a ThreadLocal with key of type [java.lang.InheritableThreadLocal] (value [java.lang.InheritableThreadLocal@5b013dc8]) and a value of type [org.pentaho.platform.engine.security.session.TrustedSystemStartupSession] (value [org.pentaho.platform.engine.security.session.TrustedSystemStartupSession@7a0d637d]) but failed to remove it when the web application was stopped. Threads are going to be renewed over time to try and avoid a probable memory leak.
Nov 5, 2012 12:38:02 PM org.apache.catalina.loader.WebappClassLoader checkThreadLocalMapForLeaks
SEVERE: The web application [/pentaho] created a ThreadLocal with key of type [java.lang.InheritableThreadLocal] (value [java.lang.InheritableThreadLocal@5b013dc8]) and a value of type [org.pentaho.platform.engine.security.session.TrustedSystemStartupSession] (value [org.pentaho.platform.engine.security.session.TrustedSystemStartupSession@7a0d637d]) but failed to remove it when the web application was stopped. Threads are going to be renewed over time to try and avoid a probable memory leak.
Nov 5, 2012 12:38:02 PM org.apache.catalina.loader.WebappClassLoader checkThreadLocalMapForLeaks
SEVERE: The web application [/pentaho] created a ThreadLocal with key of type [java.lang.InheritableThreadLocal] (value [java.lang.InheritableThreadLocal@5b013dc8]) and a value of type [org.pentaho.platform.engine.security.session.TrustedSystemStartupSession] (value [org.pentaho.platform.engine.security.session.TrustedSystemStartupSession@7a0d637d]) but failed to remove it when the web application was stopped. Threads are going to be renewed over time to try and avoid a probable memory leak.
Nov 5, 2012 12:38:02 PM org.apache.catalina.loader.WebappClassLoader checkThreadLocalMapForLeaks
SEVERE: The web application [/pentaho] created a ThreadLocal with key of type [java.lang.InheritableThreadLocal] (value [java.lang.InheritableThreadLocal@5b013dc8]) and a value of type [org.pentaho.platform.engine.security.session.TrustedSystemStartupSession] (value [org.pentaho.platform.engine.security.session.TrustedSystemStartupSession@7a0d637d]) but failed to remove it when the web application was stopped. Threads are going to be renewed over time to try and avoid a probable memory leak.
Nov 5, 2012 12:38:02 PM org.apache.catalina.loader.WebappClassLoader checkThreadLocalMapForLeaks
SEVERE: The web application [/pentaho] created a ThreadLocal with key of type [java.lang.InheritableThreadLocal] (value [java.lang.InheritableThreadLocal@5b013dc8]) and a value of type [org.pentaho.platform.engine.security.session.TrustedSystemStartupSession] (value [org.pentaho.platform.engine.security.session.TrustedSystemStartupSession@7a0d637d]) but failed to remove it when the web application was stopped. Threads are going to be renewed over time to try and avoid a probable memory leak.
Nov 5, 2012 12:38:02 PM org.apache.catalina.loader.WebappClassLoader checkThreadLocalMapForLeaks
SEVERE: The web application [/pentaho] created a ThreadLocal with key of type [java.lang.InheritableThreadLocal] (value [java.lang.InheritableThreadLocal@5b013dc8]) and a value of type [org.pentaho.platform.engine.security.session.TrustedSystemStartupSession] (value [org.pentaho.platform.engine.security.session.TrustedSystemStartupSession@7a0d637d]) but failed to remove it when the web application was stopped. Threads are going to be renewed over time to try and avoid a probable memory leak.
Nov 5, 2012 12:38:02 PM org.apache.catalina.loader.WebappClassLoader checkThreadLocalMapForLeaks
SEVERE: The web application [/pentaho] created a ThreadLocal with key of type [java.lang.InheritableThreadLocal] (value [java.lang.InheritableThreadLocal@5b013dc8]) and a value of type [org.pentaho.platform.engine.security.session.TrustedSystemStartupSession] (value [org.pentaho.platform.engine.security.session.TrustedSystemStartupSession@7a0d637d]) but failed to remove it when the web application was stopped. Threads are going to be renewed over time to try and avoid a probable memory leak.
Nov 5, 2012 12:38:02 PM org.apache.coyote.AbstractProtocol stop
INFO: Stopping ProtocolHandler ["http-bio-8080"]
Nov 5, 2012 12:38:02 PM org.apache.coyote.AbstractProtocol stop
INFO: Stopping ProtocolHandler ["ajp-bio-8009"]
Nov 5, 2012 12:38:02 PM org.apache.coyote.AbstractProtocol destroy
INFO: Destroying ProtocolHandler ["http-bio-8080"]
Nov 5, 2012 12:38:02 PM org.apache.coyote.AbstractProtocol destroy
INFO: Destroying ProtocolHandler ["ajp-bio-8009"]
Nov 5, 2012 12:38:02 PM org.apache.catalina.loader.WebappClassLoader loadClass
INFO: Illegal access: this web application instance has been stopped already.  Could not load org.apache.commons.vfs.impl.PrivilegedFileReplicator$CloseAction.  The eventual following stack trace is caused by an error thrown for debugging purposes as well as to attempt to terminate the thread which caused the illegal access, and has no functional impact.
java.lang.IllegalStateException
	at org.apache.catalina.loader.WebappClassLoader.loadClass(WebappClassLoader.java:1600)
	at org.apache.catalina.loader.WebappClassLoader.loadClass(WebappClassLoader.java:1559)
	at org.apache.commons.vfs.impl.PrivilegedFileReplicator.close(Unknown Source)
	at org.apache.commons.vfs.impl.DefaultFileSystemManager.closeComponent(Unknown Source)
	at org.apache.commons.vfs.impl.DefaultFileSystemManager.close(Unknown Source)
	at org.pentaho.di.core.vfs.KettleVFS$1.run(KettleVFS.java:84)
	at java.lang.Thread.run(Thread.java:662)
