2012/11/01 15:49:12	Global startup actions	system session	global-department-list.xaction	org.pentaho.platform.engine.services.solution.SolutionEngine	system session	instance_start	71ec92ae-244c-11e2-b16e-5dc8ebc263ec			0.0
2012/11/01 15:49:12	Global startup actions	71ec92ae-244c-11e2-b16e-5dc8ebc263ec	global-department-list.xaction	org.pentaho.platform.engine.services.runtime.RuntimeContext	system session	action_sequence_start	start			0.0
2012/11/01 15:49:12	Global startup actions	71ec92ae-244c-11e2-b16e-5dc8ebc263ec	global-department-list.xaction	SQLLookupRule	system session	component_execution_started	start			0.0
2012/11/01 15:49:12	Global startup actions	71ec92ae-244c-11e2-b16e-5dc8ebc263ec	global-department-list.xaction	SQLLookupRule	system session	component_execution_ended	end			0.017999999225139618
2012/11/01 15:49:12	Global startup actions	71ec92ae-244c-11e2-b16e-5dc8ebc263ec	global-department-list.xaction	org.pentaho.platform.engine.services.runtime.RuntimeContext	system session	action_sequence_end	end			0.017999999225139618
2012/11/01 15:49:12	Global startup actions	system session	global-department-list.xaction	org.pentaho.platform.engine.services.solution.SolutionEngine	system session	instance_end	71ec92ae-244c-11e2-b16e-5dc8ebc263ec			0.15600000321865082
2012/11/01 15:49:16		D34CAEEC402B0643E00AEAA43F660EFD		org.pentaho.platform.web.http.session.PentahoHttpSession		session_start				0.0
2012/11/01 15:49:55	Session startup actions	D34CAEEC402B0643E00AEAA43F660EFD	session-region-list.xaction	org.pentaho.platform.engine.services.solution.SolutionEngine	joe	instance_start	8b9be3ef-244c-11e2-b16e-5dc8ebc263ec			0.0
2012/11/01 15:49:55	Session startup actions	8b9be3ef-244c-11e2-b16e-5dc8ebc263ec	session-region-list.xaction	org.pentaho.platform.engine.services.runtime.RuntimeContext	joe	action_sequence_start	start			0.0
2012/11/01 15:49:55	Session startup actions	8b9be3ef-244c-11e2-b16e-5dc8ebc263ec	session-region-list.xaction	JavascriptRule	joe	component_execution_started	start			0.0
2012/11/01 15:49:55	Session startup actions	8b9be3ef-244c-11e2-b16e-5dc8ebc263ec	session-region-list.xaction	JavascriptRule	joe	component_execution_ended	end			0.09000000357627869
2012/11/01 15:49:55	Session startup actions	8b9be3ef-244c-11e2-b16e-5dc8ebc263ec	session-region-list.xaction	org.pentaho.platform.engine.services.runtime.RuntimeContext	joe	action_sequence_end	end			0.09099999815225601
2012/11/01 15:49:55	Session startup actions	D34CAEEC402B0643E00AEAA43F660EFD	session-region-list.xaction	org.pentaho.platform.engine.services.solution.SolutionEngine	joe	instance_end	8b9be3ef-244c-11e2-b16e-5dc8ebc263ec			0.2529999911785126
2012/11/01 16:02:56	Global startup actions	system session	global-department-list.xaction	org.pentaho.platform.engine.services.solution.SolutionEngine	system session	instance_start	5d7b0bbd-244e-11e2-8b27-fd2fd694bfd2			0.0
2012/11/01 16:02:56	Global startup actions	5d7b0bbd-244e-11e2-8b27-fd2fd694bfd2	global-department-list.xaction	org.pentaho.platform.engine.services.runtime.RuntimeContext	system session	action_sequence_start	start			0.0
2012/11/01 16:02:57	Global startup actions	5d7b0bbd-244e-11e2-8b27-fd2fd694bfd2	global-department-list.xaction	SQLLookupRule	system session	component_execution_started	start			0.0
2012/11/01 16:02:57	Global startup actions	5d7b0bbd-244e-11e2-8b27-fd2fd694bfd2	global-department-list.xaction	SQLLookupRule	system session	component_execution_ended	end			0.017999999225139618
2012/11/01 16:02:57	Global startup actions	5d7b0bbd-244e-11e2-8b27-fd2fd694bfd2	global-department-list.xaction	org.pentaho.platform.engine.services.runtime.RuntimeContext	system session	action_sequence_end	end			0.019999999552965164
2012/11/01 16:02:57	Global startup actions	system session	global-department-list.xaction	org.pentaho.platform.engine.services.solution.SolutionEngine	system session	instance_end	5d7b0bbd-244e-11e2-8b27-fd2fd694bfd2			0.1379999965429306
2012/11/01 16:03:16		0B9576E34B632F092B8B05401366C172		org.pentaho.platform.web.http.session.PentahoHttpSession		session_start				0.0
2012/11/01 16:20:57	Session startup actions	0B9576E34B632F092B8B05401366C172	session-region-list.xaction	org.pentaho.platform.engine.services.solution.SolutionEngine	joe	instance_start	e17ee702-2450-11e2-b16e-5dc8ebc263ec			0.0
2012/11/01 16:20:57	Session startup actions	e17ee702-2450-11e2-b16e-5dc8ebc263ec	session-region-list.xaction	org.pentaho.platform.engine.services.runtime.RuntimeContext	joe	action_sequence_start	start			0.0
2012/11/01 16:20:57	Session startup actions	e17ee702-2450-11e2-b16e-5dc8ebc263ec	session-region-list.xaction	JavascriptRule	joe	component_execution_started	start			0.0
2012/11/01 16:20:57	Session startup actions	e17ee702-2450-11e2-b16e-5dc8ebc263ec	session-region-list.xaction	JavascriptRule	joe	component_execution_ended	end			0.006000000052154064
2012/11/01 16:20:57	Session startup actions	e17ee702-2450-11e2-b16e-5dc8ebc263ec	session-region-list.xaction	org.pentaho.platform.engine.services.runtime.RuntimeContext	joe	action_sequence_end	end			0.007000000216066837
2012/11/01 16:20:57	Session startup actions	0B9576E34B632F092B8B05401366C172	session-region-list.xaction	org.pentaho.platform.engine.services.solution.SolutionEngine	joe	instance_end	e17ee702-2450-11e2-b16e-5dc8ebc263ec			0.07599999755620956
2012/11/01 16:30:50		FC146BEC9D4F1304D5E3D4773C67AB4D		org.pentaho.platform.web.http.session.PentahoHttpSession		session_start				0.0
2012/11/01 16:36:51	org.pentaho.platform.web.servlet.ViewAction	0B9576E34B632F092B8B05401366C172	1351795010972.analysisview.xaction	org.pentaho.platform.engine.services.solution.SolutionEngine	joe	instance_start	19f10ee4-2453-11e2-b16e-5dc8ebc263ec			0.0
2012/11/01 16:36:51	org.pentaho.platform.web.servlet.ViewAction	19f10ee4-2453-11e2-b16e-5dc8ebc263ec	1351795010972.analysisview.xaction	org.pentaho.platform.engine.services.runtime.RuntimeContext	joe	action_sequence_start	start			0.0
2012/11/01 16:36:51	org.pentaho.platform.web.servlet.ViewAction	19f10ee4-2453-11e2-b16e-5dc8ebc263ec	1351795010972.analysisview.xaction	PivotViewComponent	joe	component_execution_started	start			0.0
2012/11/01 16:36:51	org.pentaho.platform.web.servlet.ViewAction	19f10ee4-2453-11e2-b16e-5dc8ebc263ec	1351795010972.analysisview.xaction	PivotViewComponent	joe	component_execution_ended	end			0.0010000000474974513
2012/11/01 16:36:51	org.pentaho.platform.web.servlet.ViewAction	19f10ee4-2453-11e2-b16e-5dc8ebc263ec	1351795010972.analysisview.xaction	org.pentaho.platform.engine.services.runtime.RuntimeContext	joe	action_sequence_end	end			0.0010000000474974513
2012/11/01 16:36:51	org.pentaho.platform.web.servlet.ViewAction	0B9576E34B632F092B8B05401366C172	1351795010972.analysisview.xaction	org.pentaho.platform.engine.services.solution.SolutionEngine	joe	instance_end	19f10ee4-2453-11e2-b16e-5dc8ebc263ec			0.007000000216066837
2012/11/01 16:36:51	JUnit Test	0B9576E34B632F092B8B05401366C172	1351795010972.analysisview.xaction	org.pentaho.platform.engine.services.solution.SolutionEngine	joe	instance_start	1a0a1528-2453-11e2-b16e-5dc8ebc263ec			0.0
2012/11/01 16:36:51	JUnit Test	1a0a1528-2453-11e2-b16e-5dc8ebc263ec	1351795010972.analysisview.xaction	org.pentaho.platform.engine.services.runtime.RuntimeContext	joe	action_sequence_start	start			0.0
2012/11/01 16:36:51	JUnit Test	1a0a1528-2453-11e2-b16e-5dc8ebc263ec	1351795010972.analysisview.xaction	PivotViewComponent	joe	component_execution_started	start			0.0
2012/11/01 16:36:51	JUnit Test	1a0a1528-2453-11e2-b16e-5dc8ebc263ec	1351795010972.analysisview.xaction	PivotViewComponent	joe	component_execution_ended	end			0.4350000023841858
2012/11/01 16:36:51	JUnit Test	1a0a1528-2453-11e2-b16e-5dc8ebc263ec	1351795010972.analysisview.xaction	org.pentaho.platform.engine.services.runtime.RuntimeContext	joe	action_sequence_end	end			0.4350000023841858
2012/11/01 16:36:51	JUnit Test	0B9576E34B632F092B8B05401366C172	1351795010972.analysisview.xaction	org.pentaho.platform.engine.services.solution.SolutionEngine	joe	instance_end	1a0a1528-2453-11e2-b16e-5dc8ebc263ec			0.4399999976158142
2012/11/05 11:42:25	Global startup actions	system session	global-department-list.xaction	org.pentaho.platform.engine.services.solution.SolutionEngine	system session	instance_start	a2208abf-274e-11e2-bc11-3792745b56dc			0.0
2012/11/05 11:42:25	Global startup actions	system session	global-department-list.xaction	org.pentaho.platform.engine.services.solution.SolutionEngine	system session	instance_start	a22656a7-274e-11e2-9a59-07bbe3db42eb			0.0
2012/11/05 11:42:25	Global startup actions	a22656a7-274e-11e2-9a59-07bbe3db42eb	global-department-list.xaction	org.pentaho.platform.engine.services.runtime.RuntimeContext	system session	action_sequence_start	start			0.0
2012/11/05 11:42:25	Global startup actions	a2208abf-274e-11e2-bc11-3792745b56dc	global-department-list.xaction	org.pentaho.platform.engine.services.runtime.RuntimeContext	system session	action_sequence_start	start			0.0
2012/11/05 11:42:25	Global startup actions	a22656a7-274e-11e2-9a59-07bbe3db42eb	global-department-list.xaction	SQLLookupRule	system session	component_execution_started	start			0.0
2012/11/05 11:42:25	Global startup actions	a2208abf-274e-11e2-bc11-3792745b56dc	global-department-list.xaction	SQLLookupRule	system session	component_execution_started	start			0.0
2012/11/05 11:42:25	Global startup actions	a22656a7-274e-11e2-9a59-07bbe3db42eb	global-department-list.xaction	SQLLookupRule	system session	component_execution_ended	end			0.02199999988079071
2012/11/05 11:42:25	Global startup actions	a22656a7-274e-11e2-9a59-07bbe3db42eb	global-department-list.xaction	org.pentaho.platform.engine.services.runtime.RuntimeContext	system session	action_sequence_end	end			0.024000000208616257
2012/11/05 11:42:25	Global startup actions	a2208abf-274e-11e2-bc11-3792745b56dc	global-department-list.xaction	SQLLookupRule	system session	component_execution_ended	end			0.02199999988079071
2012/11/05 11:42:25	Global startup actions	a2208abf-274e-11e2-bc11-3792745b56dc	global-department-list.xaction	org.pentaho.platform.engine.services.runtime.RuntimeContext	system session	action_sequence_end	end			0.02500000037252903
2012/11/05 11:42:25	Global startup actions	system session	global-department-list.xaction	org.pentaho.platform.engine.services.solution.SolutionEngine	system session	instance_end	a22656a7-274e-11e2-9a59-07bbe3db42eb			0.2549999952316284
2012/11/05 11:42:25	Global startup actions	system session	global-department-list.xaction	org.pentaho.platform.engine.services.solution.SolutionEngine	system session	instance_end	a2208abf-274e-11e2-bc11-3792745b56dc			0.2549999952316284
2012/11/05 11:42:26		25EBAAD51BFF4F074BC23EE8BCAF715D		org.pentaho.platform.web.http.session.PentahoHttpSession		session_start				0.0
