/*C1*/SET SCHEMA PUBLIC
CONNECT USER HIBUSER
DISCONNECT
/*C2*/SET SCHEMA PUBLIC
CONNECT USER HIBUSER
DISCONNECT
/*C3*/SET SCHEMA PUBLIC
CONNECT USER HIBUSER
/*C4*/SET SCHEMA PUBLIC
CONNECT USER HIBUSER
/*C3*/DISCONNECT
/*C4*/DISCONNECT
/*C5*/SET SCHEMA PUBLIC
CONNECT USER HIBUSER
DISCONNECT
/*C6*/SET SCHEMA PUBLIC
CONNECT USER HIBUSER
DISCONNECT
/*C7*/SET SCHEMA PUBLIC
CONNECT USER HIBUSER
SET AUTOCOMMIT FALSE
/*C8*/SET SCHEMA PUBLIC
CONNECT USER HIBUSER
SET AUTOCOMMIT FALSE
/*C7*/SET AUTOCOMMIT TRUE
/*C8*/SET AUTOCOMMIT TRUE
SET AUTOCOMMIT FALSE
/*C7*/SET AUTOCOMMIT FALSE
/*C9*/SET SCHEMA PUBLIC
CONNECT USER HIBUSER
SET AUTOCOMMIT FALSE
SET AUTOCOMMIT TRUE
SET AUTOCOMMIT FALSE
/*C10*/SET SCHEMA PUBLIC
CONNECT USER HIBUSER
SET AUTOCOMMIT FALSE
SET AUTOCOMMIT TRUE
SET AUTOCOMMIT FALSE
/*C8*/DISCONNECT
/*C9*/DISCONNECT
/*C11*/SET SCHEMA PUBLIC
CONNECT USER HIBUSER
SET AUTOCOMMIT FALSE
