2012/10/31 24:04:46		joe		org.pentaho.platform.engine.core.system.UserSession	joe	session_start				0.0
2012/10/31 24:04:46		joe		org.pentaho.platform.engine.core.system.UserSession	joe	session_start				0.0
2012/10/31 24:04:50	Global startup actions	system session	global-department-list.xaction	org.pentaho.platform.engine.services.solution.SolutionEngine	system session	instance_start	5a8ed0bf-22ff-11e2-95d3-e39ea98b7550			0.0
2012/10/31 24:04:50	Global startup actions	system session	global-department-list.xaction	org.pentaho.platform.engine.services.solution.SolutionEngine	system session	instance_failed	5a8ed0bf-22ff-11e2-95d3-e39ea98b7550	SolutionEngine.ERROR_0007 - Action sequence execution failed		0.0010000000474974513
2012/10/31 24:04:50	Global startup actions	system session	global-department-list.xaction	org.pentaho.platform.engine.services.solution.SolutionEngine	system session	instance_start	5a9698f0-22ff-11e2-95d3-e39ea98b7550			0.0
2012/10/31 24:04:50	Global startup actions	system session	global-department-list.xaction	org.pentaho.platform.engine.services.solution.SolutionEngine	system session	instance_failed	5a9698f0-22ff-11e2-95d3-e39ea98b7550	SolutionEngine.ERROR_0007 - Action sequence execution failed		0.0010000000474974513
2012/10/31 24:04:50	Global startup actions	system session	global-department-list.xaction	org.pentaho.platform.engine.services.solution.SolutionEngine	system session	instance_start	5a970e21-22ff-11e2-95d3-e39ea98b7550			0.0
2012/10/31 24:04:50	Global startup actions	system session	global-department-list.xaction	org.pentaho.platform.engine.services.solution.SolutionEngine	system session	instance_failed	5a970e21-22ff-11e2-95d3-e39ea98b7550	SolutionEngine.ERROR_0007 - Action sequence execution failed		0.0
2012/10/31 24:04:50	Global startup actions	!BaseTest.DEBUG_JUNIT_SESSION!	global-department-list.xaction	org.pentaho.platform.engine.services.solution.SolutionEngine	!BaseTest.DEBUG_JUNIT_SESSION!	instance_start	5a9a6982-22ff-11e2-95d3-e39ea98b7550			0.0
2012/10/31 24:04:50	Global startup actions	!BaseTest.DEBUG_JUNIT_SESSION!	global-department-list.xaction	org.pentaho.platform.engine.services.solution.SolutionEngine	!BaseTest.DEBUG_JUNIT_SESSION!	instance_failed	5a9a6982-22ff-11e2-95d3-e39ea98b7550	SolutionEngine.ERROR_0007 - Action sequence execution failed		0.0010000000474974513
2012/10/31 24:04:50	Global startup actions	!BaseTest.DEBUG_JUNIT_SESSION!	global-department-list.xaction	org.pentaho.platform.engine.services.solution.SolutionEngine	!BaseTest.DEBUG_JUNIT_SESSION!	instance_start	5a9b2cd3-22ff-11e2-95d3-e39ea98b7550			0.0
2012/10/31 24:04:50	Global startup actions	!BaseTest.DEBUG_JUNIT_SESSION!	global-department-list.xaction	org.pentaho.platform.engine.services.solution.SolutionEngine	!BaseTest.DEBUG_JUNIT_SESSION!	instance_failed	5a9b2cd3-22ff-11e2-95d3-e39ea98b7550	SolutionEngine.ERROR_0007 - Action sequence execution failed		0.0
2012/10/31 24:04:50	Global startup actions	!BaseTest.DEBUG_JUNIT_SESSION!	global-department-list.xaction	org.pentaho.platform.engine.services.solution.SolutionEngine	!BaseTest.DEBUG_JUNIT_SESSION!	instance_start	5a9ba204-22ff-11e2-95d3-e39ea98b7550			0.0
2012/10/31 24:04:50	Global startup actions	!BaseTest.DEBUG_JUNIT_SESSION!	global-department-list.xaction	org.pentaho.platform.engine.services.solution.SolutionEngine	!BaseTest.DEBUG_JUNIT_SESSION!	instance_failed	5a9ba204-22ff-11e2-95d3-e39ea98b7550	SolutionEngine.ERROR_0007 - Action sequence execution failed		0.0
2012/10/31 24:04:50	Global startup actions	!BaseTest.DEBUG_JUNIT_SESSION!	global-department-list.xaction	org.pentaho.platform.engine.services.solution.SolutionEngine	!BaseTest.DEBUG_JUNIT_SESSION!	instance_start	5aa53ef5-22ff-11e2-95d3-e39ea98b7550			0.0
2012/10/31 24:04:50	Global startup actions	!BaseTest.DEBUG_JUNIT_SESSION!	global-department-list.xaction	org.pentaho.platform.engine.services.solution.SolutionEngine	!BaseTest.DEBUG_JUNIT_SESSION!	instance_failed	5aa53ef5-22ff-11e2-95d3-e39ea98b7550	SolutionEngine.ERROR_0007 - Action sequence execution failed		0.0010000000474974513
2012/10/31 24:04:50	Global startup actions	!BaseTest.DEBUG_JUNIT_SESSION!	global-department-list.xaction	org.pentaho.platform.engine.services.solution.SolutionEngine	!BaseTest.DEBUG_JUNIT_SESSION!	instance_start	5aa67776-22ff-11e2-95d3-e39ea98b7550			0.0
2012/10/31 24:04:50	Global startup actions	!BaseTest.DEBUG_JUNIT_SESSION!	global-department-list.xaction	org.pentaho.platform.engine.services.solution.SolutionEngine	!BaseTest.DEBUG_JUNIT_SESSION!	instance_failed	5aa67776-22ff-11e2-95d3-e39ea98b7550	SolutionEngine.ERROR_0007 - Action sequence execution failed		0.0
2012/10/31 24:04:50	Global startup actions	!BaseTest.DEBUG_JUNIT_SESSION!	global-department-list.xaction	org.pentaho.platform.engine.services.solution.SolutionEngine	!BaseTest.DEBUG_JUNIT_SESSION!	instance_start	5aa6eca7-22ff-11e2-95d3-e39ea98b7550			0.0
2012/10/31 24:04:50	Global startup actions	!BaseTest.DEBUG_JUNIT_SESSION!	global-department-list.xaction	org.pentaho.platform.engine.services.solution.SolutionEngine	!BaseTest.DEBUG_JUNIT_SESSION!	instance_failed	5aa6eca7-22ff-11e2-95d3-e39ea98b7550	SolutionEngine.ERROR_0007 - Action sequence execution failed		0.0
2012/10/31 24:04:50	Global startup actions	!BaseTest.DEBUG_JUNIT_SESSION!	global-department-list.xaction	org.pentaho.platform.engine.services.solution.SolutionEngine	!BaseTest.DEBUG_JUNIT_SESSION!	instance_start	5aa788e8-22ff-11e2-95d3-e39ea98b7550			0.0
2012/10/31 24:04:50	Global startup actions	!BaseTest.DEBUG_JUNIT_SESSION!	global-department-list.xaction	org.pentaho.platform.engine.services.solution.SolutionEngine	!BaseTest.DEBUG_JUNIT_SESSION!	instance_failed	5aa788e8-22ff-11e2-95d3-e39ea98b7550	SolutionEngine.ERROR_0007 - Action sequence execution failed		0.0010000000474974513
2012/10/31 24:04:50	Global startup actions	!BaseTest.DEBUG_JUNIT_SESSION!	global-department-list.xaction	org.pentaho.platform.engine.services.solution.SolutionEngine	!BaseTest.DEBUG_JUNIT_SESSION!	instance_start	5aa8c169-22ff-11e2-95d3-e39ea98b7550			0.0
2012/10/31 24:04:50	Global startup actions	!BaseTest.DEBUG_JUNIT_SESSION!	global-department-list.xaction	org.pentaho.platform.engine.services.solution.SolutionEngine	!BaseTest.DEBUG_JUNIT_SESSION!	instance_failed	5aa8c169-22ff-11e2-95d3-e39ea98b7550	SolutionEngine.ERROR_0007 - Action sequence execution failed		0.0
2012/10/31 24:04:50	Global startup actions	!BaseTest.DEBUG_JUNIT_SESSION!	global-department-list.xaction	org.pentaho.platform.engine.services.solution.SolutionEngine	!BaseTest.DEBUG_JUNIT_SESSION!	instance_start	5aa90f8a-22ff-11e2-95d3-e39ea98b7550			0.0
2012/10/31 24:04:50	Global startup actions	!BaseTest.DEBUG_JUNIT_SESSION!	global-department-list.xaction	org.pentaho.platform.engine.services.solution.SolutionEngine	!BaseTest.DEBUG_JUNIT_SESSION!	instance_failed	5aa90f8a-22ff-11e2-95d3-e39ea98b7550	SolutionEngine.ERROR_0007 - Action sequence execution failed		0.0
2012/10/31 24:04:50	Global startup actions	!BaseTest.DEBUG_JUNIT_SESSION!	global-department-list.xaction	org.pentaho.platform.engine.services.solution.SolutionEngine	!BaseTest.DEBUG_JUNIT_SESSION!	instance_start	5aaa962b-22ff-11e2-95d3-e39ea98b7550			0.0
2012/10/31 24:04:50	Global startup actions	!BaseTest.DEBUG_JUNIT_SESSION!	global-department-list.xaction	org.pentaho.platform.engine.services.solution.SolutionEngine	!BaseTest.DEBUG_JUNIT_SESSION!	instance_failed	5aaa962b-22ff-11e2-95d3-e39ea98b7550	SolutionEngine.ERROR_0007 - Action sequence execution failed		0.0010000000474974513
2012/10/31 24:04:50	Global startup actions	!BaseTest.DEBUG_JUNIT_SESSION!	global-department-list.xaction	org.pentaho.platform.engine.services.solution.SolutionEngine	!BaseTest.DEBUG_JUNIT_SESSION!	instance_start	5aabceac-22ff-11e2-95d3-e39ea98b7550			0.0
2012/10/31 24:04:50	Global startup actions	!BaseTest.DEBUG_JUNIT_SESSION!	global-department-list.xaction	org.pentaho.platform.engine.services.solution.SolutionEngine	!BaseTest.DEBUG_JUNIT_SESSION!	instance_failed	5aabceac-22ff-11e2-95d3-e39ea98b7550	SolutionEngine.ERROR_0007 - Action sequence execution failed		0.0
2012/10/31 24:04:50	Global startup actions	!BaseTest.DEBUG_JUNIT_SESSION!	global-department-list.xaction	org.pentaho.platform.engine.services.solution.SolutionEngine	!BaseTest.DEBUG_JUNIT_SESSION!	instance_start	5aac43dd-22ff-11e2-95d3-e39ea98b7550			0.0
2012/10/31 24:04:50	Global startup actions	!BaseTest.DEBUG_JUNIT_SESSION!	global-department-list.xaction	org.pentaho.platform.engine.services.solution.SolutionEngine	!BaseTest.DEBUG_JUNIT_SESSION!	instance_failed	5aac43dd-22ff-11e2-95d3-e39ea98b7550	SolutionEngine.ERROR_0007 - Action sequence execution failed		0.0
2012/10/31 24:04:53		0.9291119944981651		org.pentaho.platform.web.http.session.PentahoHttpSession		session_start				0.0
2012/10/31 24:05:06		0.8618021284152676		org.pentaho.platform.web.http.session.PentahoHttpSession		session_start				0.0
